running egg_info
writing ../../../build/micromouse_sim/micromouse_sim.egg-info/PKG-INFO
writing dependency_links to ../../../build/micromouse_sim/micromouse_sim.egg-info/dependency_links.txt
writing entry points to ../../../build/micromouse_sim/micromouse_sim.egg-info/entry_points.txt
writing requirements to ../../../build/micromouse_sim/micromouse_sim.egg-info/requires.txt
writing top-level names to ../../../build/micromouse_sim/micromouse_sim.egg-info/top_level.txt
reading manifest file '../../../build/micromouse_sim/micromouse_sim.egg-info/SOURCES.txt'
adding license file 'LICENSE'
writing manifest file '../../../build/micromouse_sim/micromouse_sim.egg-info/SOURCES.txt'
running build
running build_py
copying micromouse_sim/ros_simulator.py -> /home/piyush_hardreset/maze-solver/build/micromouse_sim/build/lib/micromouse_sim
running install
running install_lib
copying /home/piyush_hardreset/maze-solver/build/micromouse_sim/build/lib/micromouse_sim/ros_simulator.py -> /home/piyush_hardreset/maze-solver/install/micromouse_sim/lib/python3.10/site-packages/micromouse_sim
byte-compiling /home/piyush_hardreset/maze-solver/install/micromouse_sim/lib/python3.10/site-packages/micromouse_sim/ros_simulator.py to ros_simulator.cpython-310.pyc
byte-compiling /home/piyush_hardreset/maze-solver/install/micromouse_sim/lib/python3.10/site-packages/micromouse_sim/__init__.py to __init__.cpython-310.pyc
running install_data
copying launch/full_sim.launch.py -> /home/piyush_hardreset/maze-solver/install/micromouse_sim/share/micromouse_sim/launch
copying urdf/skid.xacro -> /home/piyush_hardreset/maze-solver/install/micromouse_sim/share/micromouse_sim/urdf
creating /home/piyush_hardreset/maze-solver/install/micromouse_sim/share/micromouse_sim/meshes
running install_egg_info
removing '/home/piyush_hardreset/maze-solver/install/micromouse_sim/lib/python3.10/site-packages/micromouse_sim-0.0.0-py3.10.egg-info' (and everything under it)
Copying ../../../build/micromouse_sim/micromouse_sim.egg-info to /home/piyush_hardreset/maze-solver/install/micromouse_sim/lib/python3.10/site-packages/micromouse_sim-0.0.0-py3.10.egg-info
running install_scripts
Installing ros_simulator script to /home/piyush_hardreset/maze-solver/install/micromouse_sim/lib/micromouse_sim
writing list of installed files to '/home/piyush_hardreset/maze-solver/build/micromouse_sim/install.log'
