[1.452s] DEBUG:colcon:Command line arguments: ['/usr/bin/colcon', 'build']
[1.452s] DEBUG:colcon:Parsed command line arguments: Namespace(log_base=None, log_level=None, verb_name='build', build_base='build', install_base='install', merge_install=False, symlink_install=False, test_result_base=None, continue_on_error=False, executor='parallel', parallel_workers=12, event_handlers=None, ignore_user_meta=False, metas=['./colcon.meta'], base_paths=['.'], packages_ignore=None, packages_ignore_regex=None, paths=None, packages_up_to=None, packages_up_to_regex=None, packages_above=None, packages_above_and_dependencies=None, packages_above_depth=None, packages_select_by_dep=None, packages_skip_by_dep=None, packages_skip_up_to=None, packages_select_build_failed=False, packages_skip_build_finished=False, packages_select_test_failures=False, packages_skip_test_passed=False, packages_select=None, packages_skip=None, packages_select_regex=None, packages_skip_regex=None, packages_start=None, packages_end=None, allow_overriding=[], cmake_args=None, cmake_target=None, cmake_target_skip_unavailable=False, cmake_clean_cache=False, cmake_clean_first=False, cmake_force_configure=False, ament_cmake_args=None, catkin_cmake_args=None, catkin_skip_building_tests=False, mixin_files=None, mixin=None, verb_parser=<colcon_mixin.mixin.mixin_argument.MixinArgumentDecorator object at 0x7fba58875a80>, verb_extension=<colcon_core.verb.build.BuildVerb object at 0x7fba58875510>, main=<bound method BuildVerb.main of <colcon_core.verb.build.BuildVerb object at 0x7fba58875510>>, mixin_verb=('build',))
[1.924s] Level 1:colcon.colcon_core.package_discovery:discover_packages(colcon_meta) check parameters
[1.924s] Level 1:colcon.colcon_core.package_discovery:discover_packages(recursive) check parameters
[1.924s] Level 1:colcon.colcon_core.package_discovery:discover_packages(ignore) check parameters
[1.924s] Level 1:colcon.colcon_core.package_discovery:discover_packages(path) check parameters
[1.924s] Level 1:colcon.colcon_core.package_discovery:discover_packages(colcon_meta) discover
[1.924s] Level 1:colcon.colcon_core.package_discovery:discover_packages(recursive) discover
[1.924s] INFO:colcon.colcon_core.package_discovery:Crawling recursively for packages in '/home/piyush_hardreset/maze-solver'
[1.925s] Level 1:colcon.colcon_core.package_identification:_identify(.) by extensions ['ignore', 'ignore_ament_install']
[1.925s] Level 1:colcon.colcon_core.package_identification:_identify(.) by extension 'ignore'
[1.925s] Level 1:colcon.colcon_core.package_identification:_identify(.) by extension 'ignore_ament_install'
[1.925s] Level 1:colcon.colcon_core.package_identification:_identify(.) by extensions ['colcon_pkg']
[1.925s] Level 1:colcon.colcon_core.package_identification:_identify(.) by extension 'colcon_pkg'
[1.925s] Level 1:colcon.colcon_core.package_identification:_identify(.) by extensions ['colcon_meta']
[1.925s] Level 1:colcon.colcon_core.package_identification:_identify(.) by extension 'colcon_meta'
[1.925s] Level 1:colcon.colcon_core.package_identification:_identify(.) by extensions ['ros']
[1.926s] Level 1:colcon.colcon_core.package_identification:_identify(.) by extension 'ros'
[1.960s] Level 1:colcon.colcon_core.package_identification:_identify(.) by extensions ['cmake', 'python']
[1.960s] Level 1:colcon.colcon_core.package_identification:_identify(.) by extension 'cmake'
[1.960s] Level 1:colcon.colcon_core.package_identification:_identify(.) by extension 'python'
[1.960s] Level 1:colcon.colcon_core.package_identification:_identify(.) by extensions ['python_setup_py']
[1.960s] Level 1:colcon.colcon_core.package_identification:_identify(.) by extension 'python_setup_py'
[1.961s] Level 1:colcon.colcon_core.package_identification:_identify(algorithms) by extensions ['ignore', 'ignore_ament_install']
[1.961s] Level 1:colcon.colcon_core.package_identification:_identify(algorithms) by extension 'ignore'
[1.961s] Level 1:colcon.colcon_core.package_identification:_identify(algorithms) by extension 'ignore_ament_install'
[1.961s] Level 1:colcon.colcon_core.package_identification:_identify(algorithms) by extensions ['colcon_pkg']
[1.961s] Level 1:colcon.colcon_core.package_identification:_identify(algorithms) by extension 'colcon_pkg'
[1.961s] Level 1:colcon.colcon_core.package_identification:_identify(algorithms) by extensions ['colcon_meta']
[1.961s] Level 1:colcon.colcon_core.package_identification:_identify(algorithms) by extension 'colcon_meta'
[1.962s] Level 1:colcon.colcon_core.package_identification:_identify(algorithms) by extensions ['ros']
[1.962s] Level 1:colcon.colcon_core.package_identification:_identify(algorithms) by extension 'ros'
[1.962s] Level 1:colcon.colcon_core.package_identification:_identify(algorithms) by extensions ['cmake', 'python']
[1.962s] Level 1:colcon.colcon_core.package_identification:_identify(algorithms) by extension 'cmake'
[1.962s] Level 1:colcon.colcon_core.package_identification:_identify(algorithms) by extension 'python'
[1.962s] Level 1:colcon.colcon_core.package_identification:_identify(algorithms) by extensions ['python_setup_py']
[1.962s] Level 1:colcon.colcon_core.package_identification:_identify(algorithms) by extension 'python_setup_py'
[1.962s] Level 1:colcon.colcon_core.package_identification:_identify(algorithms/__pycache__) by extensions ['ignore', 'ignore_ament_install']
[1.963s] Level 1:colcon.colcon_core.package_identification:_identify(algorithms/__pycache__) by extension 'ignore'
[1.963s] Level 1:colcon.colcon_core.package_identification:_identify(algorithms/__pycache__) by extension 'ignore_ament_install'
[1.963s] Level 1:colcon.colcon_core.package_identification:_identify(algorithms/__pycache__) by extensions ['colcon_pkg']
[1.963s] Level 1:colcon.colcon_core.package_identification:_identify(algorithms/__pycache__) by extension 'colcon_pkg'
[1.963s] Level 1:colcon.colcon_core.package_identification:_identify(algorithms/__pycache__) by extensions ['colcon_meta']
[1.963s] Level 1:colcon.colcon_core.package_identification:_identify(algorithms/__pycache__) by extension 'colcon_meta'
[1.963s] Level 1:colcon.colcon_core.package_identification:_identify(algorithms/__pycache__) by extensions ['ros']
[1.964s] Level 1:colcon.colcon_core.package_identification:_identify(algorithms/__pycache__) by extension 'ros'
[1.964s] Level 1:colcon.colcon_core.package_identification:_identify(algorithms/__pycache__) by extensions ['cmake', 'python']
[1.964s] Level 1:colcon.colcon_core.package_identification:_identify(algorithms/__pycache__) by extension 'cmake'
[1.964s] Level 1:colcon.colcon_core.package_identification:_identify(algorithms/__pycache__) by extension 'python'
[1.964s] Level 1:colcon.colcon_core.package_identification:_identify(algorithms/__pycache__) by extensions ['python_setup_py']
[1.964s] Level 1:colcon.colcon_core.package_identification:_identify(algorithms/__pycache__) by extension 'python_setup_py'
[1.964s] Level 1:colcon.colcon_core.package_identification:_identify(algorithms/maze_images) by extensions ['ignore', 'ignore_ament_install']
[1.964s] Level 1:colcon.colcon_core.package_identification:_identify(algorithms/maze_images) by extension 'ignore'
[1.965s] Level 1:colcon.colcon_core.package_identification:_identify(algorithms/maze_images) by extension 'ignore_ament_install'
[1.965s] Level 1:colcon.colcon_core.package_identification:_identify(algorithms/maze_images) by extensions ['colcon_pkg']
[1.965s] Level 1:colcon.colcon_core.package_identification:_identify(algorithms/maze_images) by extension 'colcon_pkg'
[1.965s] Level 1:colcon.colcon_core.package_identification:_identify(algorithms/maze_images) by extensions ['colcon_meta']
[1.965s] Level 1:colcon.colcon_core.package_identification:_identify(algorithms/maze_images) by extension 'colcon_meta'
[1.965s] Level 1:colcon.colcon_core.package_identification:_identify(algorithms/maze_images) by extensions ['ros']
[1.965s] Level 1:colcon.colcon_core.package_identification:_identify(algorithms/maze_images) by extension 'ros'
[1.965s] Level 1:colcon.colcon_core.package_identification:_identify(algorithms/maze_images) by extensions ['cmake', 'python']
[1.965s] Level 1:colcon.colcon_core.package_identification:_identify(algorithms/maze_images) by extension 'cmake'
[1.965s] Level 1:colcon.colcon_core.package_identification:_identify(algorithms/maze_images) by extension 'python'
[1.966s] Level 1:colcon.colcon_core.package_identification:_identify(algorithms/maze_images) by extensions ['python_setup_py']
[1.966s] Level 1:colcon.colcon_core.package_identification:_identify(algorithms/maze_images) by extension 'python_setup_py'
[1.966s] Level 1:colcon.colcon_core.package_identification:_identify(build) by extensions ['ignore', 'ignore_ament_install']
[1.966s] Level 1:colcon.colcon_core.package_identification:_identify(build) by extension 'ignore'
[1.966s] Level 1:colcon.colcon_core.package_identification:_identify(build) ignored
[1.966s] Level 1:colcon.colcon_core.package_identification:_identify(electronics) by extensions ['ignore', 'ignore_ament_install']
[1.967s] Level 1:colcon.colcon_core.package_identification:_identify(electronics) by extension 'ignore'
[1.967s] Level 1:colcon.colcon_core.package_identification:_identify(electronics) by extension 'ignore_ament_install'
[1.967s] Level 1:colcon.colcon_core.package_identification:_identify(electronics) by extensions ['colcon_pkg']
[1.967s] Level 1:colcon.colcon_core.package_identification:_identify(electronics) by extension 'colcon_pkg'
[1.967s] Level 1:colcon.colcon_core.package_identification:_identify(electronics) by extensions ['colcon_meta']
[1.967s] Level 1:colcon.colcon_core.package_identification:_identify(electronics) by extension 'colcon_meta'
[1.967s] Level 1:colcon.colcon_core.package_identification:_identify(electronics) by extensions ['ros']
[1.967s] Level 1:colcon.colcon_core.package_identification:_identify(electronics) by extension 'ros'
[1.967s] Level 1:colcon.colcon_core.package_identification:_identify(electronics) by extensions ['cmake', 'python']
[1.967s] Level 1:colcon.colcon_core.package_identification:_identify(electronics) by extension 'cmake'
[1.968s] Level 1:colcon.colcon_core.package_identification:_identify(electronics) by extension 'python'
[1.968s] Level 1:colcon.colcon_core.package_identification:_identify(electronics) by extensions ['python_setup_py']
[1.968s] Level 1:colcon.colcon_core.package_identification:_identify(electronics) by extension 'python_setup_py'
[1.968s] Level 1:colcon.colcon_core.package_identification:_identify(hardware) by extensions ['ignore', 'ignore_ament_install']
[1.968s] Level 1:colcon.colcon_core.package_identification:_identify(hardware) by extension 'ignore'
[1.968s] Level 1:colcon.colcon_core.package_identification:_identify(hardware) by extension 'ignore_ament_install'
[1.968s] Level 1:colcon.colcon_core.package_identification:_identify(hardware) by extensions ['colcon_pkg']
[1.969s] Level 1:colcon.colcon_core.package_identification:_identify(hardware) by extension 'colcon_pkg'
[1.969s] Level 1:colcon.colcon_core.package_identification:_identify(hardware) by extensions ['colcon_meta']
[1.969s] Level 1:colcon.colcon_core.package_identification:_identify(hardware) by extension 'colcon_meta'
[1.969s] Level 1:colcon.colcon_core.package_identification:_identify(hardware) by extensions ['ros']
[1.969s] Level 1:colcon.colcon_core.package_identification:_identify(hardware) by extension 'ros'
[1.969s] Level 1:colcon.colcon_core.package_identification:_identify(hardware) by extensions ['cmake', 'python']
[1.969s] Level 1:colcon.colcon_core.package_identification:_identify(hardware) by extension 'cmake'
[1.969s] Level 1:colcon.colcon_core.package_identification:_identify(hardware) by extension 'python'
[1.969s] Level 1:colcon.colcon_core.package_identification:_identify(hardware) by extensions ['python_setup_py']
[1.969s] Level 1:colcon.colcon_core.package_identification:_identify(hardware) by extension 'python_setup_py'
[1.970s] Level 1:colcon.colcon_core.package_identification:_identify(hardware/Mechanism) by extensions ['ignore', 'ignore_ament_install']
[1.970s] Level 1:colcon.colcon_core.package_identification:_identify(hardware/Mechanism) by extension 'ignore'
[1.970s] Level 1:colcon.colcon_core.package_identification:_identify(hardware/Mechanism) by extension 'ignore_ament_install'
[1.970s] Level 1:colcon.colcon_core.package_identification:_identify(hardware/Mechanism) by extensions ['colcon_pkg']
[1.970s] Level 1:colcon.colcon_core.package_identification:_identify(hardware/Mechanism) by extension 'colcon_pkg'
[1.970s] Level 1:colcon.colcon_core.package_identification:_identify(hardware/Mechanism) by extensions ['colcon_meta']
[1.970s] Level 1:colcon.colcon_core.package_identification:_identify(hardware/Mechanism) by extension 'colcon_meta'
[1.970s] Level 1:colcon.colcon_core.package_identification:_identify(hardware/Mechanism) by extensions ['ros']
[1.970s] Level 1:colcon.colcon_core.package_identification:_identify(hardware/Mechanism) by extension 'ros'
[1.971s] Level 1:colcon.colcon_core.package_identification:_identify(hardware/Mechanism) by extensions ['cmake', 'python']
[1.971s] Level 1:colcon.colcon_core.package_identification:_identify(hardware/Mechanism) by extension 'cmake'
[1.971s] Level 1:colcon.colcon_core.package_identification:_identify(hardware/Mechanism) by extension 'python'
[1.971s] Level 1:colcon.colcon_core.package_identification:_identify(hardware/Mechanism) by extensions ['python_setup_py']
[1.971s] Level 1:colcon.colcon_core.package_identification:_identify(hardware/Mechanism) by extension 'python_setup_py'
[1.971s] Level 1:colcon.colcon_core.package_identification:_identify(install) by extensions ['ignore', 'ignore_ament_install']
[1.971s] Level 1:colcon.colcon_core.package_identification:_identify(install) by extension 'ignore'
[1.971s] Level 1:colcon.colcon_core.package_identification:_identify(install) ignored
[1.972s] Level 1:colcon.colcon_core.package_identification:_identify(log) by extensions ['ignore', 'ignore_ament_install']
[1.972s] Level 1:colcon.colcon_core.package_identification:_identify(log) by extension 'ignore'
[1.972s] Level 1:colcon.colcon_core.package_identification:_identify(log) ignored
[1.972s] Level 1:colcon.colcon_core.package_identification:_identify(simulation) by extensions ['ignore', 'ignore_ament_install']
[1.972s] Level 1:colcon.colcon_core.package_identification:_identify(simulation) by extension 'ignore'
[1.972s] Level 1:colcon.colcon_core.package_identification:_identify(simulation) by extension 'ignore_ament_install'
[1.972s] Level 1:colcon.colcon_core.package_identification:_identify(simulation) by extensions ['colcon_pkg']
[1.973s] Level 1:colcon.colcon_core.package_identification:_identify(simulation) by extension 'colcon_pkg'
[1.973s] Level 1:colcon.colcon_core.package_identification:_identify(simulation) by extensions ['colcon_meta']
[1.973s] Level 1:colcon.colcon_core.package_identification:_identify(simulation) by extension 'colcon_meta'
[1.973s] Level 1:colcon.colcon_core.package_identification:_identify(simulation) by extensions ['ros']
[1.973s] Level 1:colcon.colcon_core.package_identification:_identify(simulation) by extension 'ros'
[1.973s] Level 1:colcon.colcon_core.package_identification:_identify(simulation) by extensions ['cmake', 'python']
[1.973s] Level 1:colcon.colcon_core.package_identification:_identify(simulation) by extension 'cmake'
[1.973s] Level 1:colcon.colcon_core.package_identification:_identify(simulation) by extension 'python'
[1.973s] Level 1:colcon.colcon_core.package_identification:_identify(simulation) by extensions ['python_setup_py']
[1.973s] Level 1:colcon.colcon_core.package_identification:_identify(simulation) by extension 'python_setup_py'
[1.974s] Level 1:colcon.colcon_core.package_identification:_identify(simulation/build) by extensions ['ignore', 'ignore_ament_install']
[1.974s] Level 1:colcon.colcon_core.package_identification:_identify(simulation/build) by extension 'ignore'
[1.974s] Level 1:colcon.colcon_core.package_identification:_identify(simulation/build) ignored
[1.974s] Level 1:colcon.colcon_core.package_identification:_identify(simulation/install) by extensions ['ignore', 'ignore_ament_install']
[1.974s] Level 1:colcon.colcon_core.package_identification:_identify(simulation/install) by extension 'ignore'
[1.975s] Level 1:colcon.colcon_core.package_identification:_identify(simulation/install) ignored
[1.976s] Level 1:colcon.colcon_core.package_identification:_identify(simulation/log) by extensions ['ignore', 'ignore_ament_install']
[1.976s] Level 1:colcon.colcon_core.package_identification:_identify(simulation/log) by extension 'ignore'
[1.976s] Level 1:colcon.colcon_core.package_identification:_identify(simulation/log) ignored
[1.976s] Level 1:colcon.colcon_core.package_identification:_identify(simulation/src) by extensions ['ignore', 'ignore_ament_install']
[1.976s] Level 1:colcon.colcon_core.package_identification:_identify(simulation/src) by extension 'ignore'
[1.976s] Level 1:colcon.colcon_core.package_identification:_identify(simulation/src) by extension 'ignore_ament_install'
[1.977s] Level 1:colcon.colcon_core.package_identification:_identify(simulation/src) by extensions ['colcon_pkg']
[1.977s] Level 1:colcon.colcon_core.package_identification:_identify(simulation/src) by extension 'colcon_pkg'
[1.977s] Level 1:colcon.colcon_core.package_identification:_identify(simulation/src) by extensions ['colcon_meta']
[1.977s] Level 1:colcon.colcon_core.package_identification:_identify(simulation/src) by extension 'colcon_meta'
[1.977s] Level 1:colcon.colcon_core.package_identification:_identify(simulation/src) by extensions ['ros']
[1.977s] Level 1:colcon.colcon_core.package_identification:_identify(simulation/src) by extension 'ros'
[1.977s] Level 1:colcon.colcon_core.package_identification:_identify(simulation/src) by extensions ['cmake', 'python']
[1.977s] Level 1:colcon.colcon_core.package_identification:_identify(simulation/src) by extension 'cmake'
[1.977s] Level 1:colcon.colcon_core.package_identification:_identify(simulation/src) by extension 'python'
[1.977s] Level 1:colcon.colcon_core.package_identification:_identify(simulation/src) by extensions ['python_setup_py']
[1.977s] Level 1:colcon.colcon_core.package_identification:_identify(simulation/src) by extension 'python_setup_py'
[1.978s] Level 1:colcon.colcon_core.package_identification:_identify(simulation/src/micromouse_sim) by extensions ['ignore', 'ignore_ament_install']
[1.978s] Level 1:colcon.colcon_core.package_identification:_identify(simulation/src/micromouse_sim) by extension 'ignore'
[1.978s] Level 1:colcon.colcon_core.package_identification:_identify(simulation/src/micromouse_sim) by extension 'ignore_ament_install'
[1.978s] Level 1:colcon.colcon_core.package_identification:_identify(simulation/src/micromouse_sim) by extensions ['colcon_pkg']
[1.978s] Level 1:colcon.colcon_core.package_identification:_identify(simulation/src/micromouse_sim) by extension 'colcon_pkg'
[1.978s] Level 1:colcon.colcon_core.package_identification:_identify(simulation/src/micromouse_sim) by extensions ['colcon_meta']
[1.978s] Level 1:colcon.colcon_core.package_identification:_identify(simulation/src/micromouse_sim) by extension 'colcon_meta'
[1.979s] Level 1:colcon.colcon_core.package_identification:_identify(simulation/src/micromouse_sim) by extensions ['ros']
[1.979s] Level 1:colcon.colcon_core.package_identification:_identify(simulation/src/micromouse_sim) by extension 'ros'
[1.992s] DEBUG:colcon.colcon_core.package_identification:Package 'simulation/src/micromouse_sim' with type 'ros.ament_python' and name 'micromouse_sim'
[1.992s] Level 1:colcon.colcon_core.package_discovery:discover_packages(recursive) using defaults
[1.992s] Level 1:colcon.colcon_core.package_discovery:discover_packages(ignore) discover
[1.992s] Level 1:colcon.colcon_core.package_discovery:discover_packages(ignore) using defaults
[1.992s] Level 1:colcon.colcon_core.package_discovery:discover_packages(path) discover
[1.992s] Level 1:colcon.colcon_core.package_discovery:discover_packages(path) using defaults
[2.069s] Level 1:colcon.colcon_core.package_discovery:discover_packages(prefix_path) check parameters
[2.069s] Level 1:colcon.colcon_core.package_discovery:discover_packages(prefix_path) discover
[2.072s] DEBUG:colcon.colcon_installed_package_information.package_discovery:Found 1 installed packages in /home/piyush_hardreset/maze-solver/install
[2.076s] DEBUG:colcon.colcon_installed_package_information.package_discovery:Found 285 installed packages in /opt/ros/humble
[2.078s] Level 1:colcon.colcon_core.package_discovery:discover_packages(prefix_path) using defaults
[2.218s] Level 5:colcon.colcon_core.verb:set package 'micromouse_sim' build argument 'cmake_args' from command line to 'None'
[2.218s] Level 5:colcon.colcon_core.verb:set package 'micromouse_sim' build argument 'cmake_target' from command line to 'None'
[2.218s] Level 5:colcon.colcon_core.verb:set package 'micromouse_sim' build argument 'cmake_target_skip_unavailable' from command line to 'False'
[2.218s] Level 5:colcon.colcon_core.verb:set package 'micromouse_sim' build argument 'cmake_clean_cache' from command line to 'False'
[2.218s] Level 5:colcon.colcon_core.verb:set package 'micromouse_sim' build argument 'cmake_clean_first' from command line to 'False'
[2.218s] Level 5:colcon.colcon_core.verb:set package 'micromouse_sim' build argument 'cmake_force_configure' from command line to 'False'
[2.218s] Level 5:colcon.colcon_core.verb:set package 'micromouse_sim' build argument 'ament_cmake_args' from command line to 'None'
[2.218s] Level 5:colcon.colcon_core.verb:set package 'micromouse_sim' build argument 'catkin_cmake_args' from command line to 'None'
[2.218s] Level 5:colcon.colcon_core.verb:set package 'micromouse_sim' build argument 'catkin_skip_building_tests' from command line to 'False'
[2.218s] DEBUG:colcon.colcon_core.verb:Building package 'micromouse_sim' with the following arguments: {'ament_cmake_args': None, 'build_base': '/home/piyush_hardreset/maze-solver/build/micromouse_sim', 'catkin_cmake_args': None, 'catkin_skip_building_tests': False, 'cmake_args': None, 'cmake_clean_cache': False, 'cmake_clean_first': False, 'cmake_force_configure': False, 'cmake_target': None, 'cmake_target_skip_unavailable': False, 'install_base': '/home/piyush_hardreset/maze-solver/install/micromouse_sim', 'merge_install': False, 'path': '/home/piyush_hardreset/maze-solver/simulation/src/micromouse_sim', 'symlink_install': False, 'test_result_base': None}
[2.219s] INFO:colcon.colcon_core.executor:Executing jobs using 'parallel' executor
[2.222s] DEBUG:colcon.colcon_parallel_executor.executor.parallel:run_until_complete
[2.222s] INFO:colcon.colcon_ros.task.ament_python.build:Building ROS package in '/home/piyush_hardreset/maze-solver/simulation/src/micromouse_sim' with build type 'ament_python'
[2.223s] Level 1:colcon.colcon_core.shell:create_environment_hook('micromouse_sim', 'ament_prefix_path')
[2.229s] INFO:colcon.colcon_core.plugin_system:Skipping extension 'colcon_core.shell.bat': Not used on non-Windows systems
[2.229s] INFO:colcon.colcon_core.shell:Creating environment hook '/home/piyush_hardreset/maze-solver/install/micromouse_sim/share/micromouse_sim/hook/ament_prefix_path.ps1'
[2.231s] INFO:colcon.colcon_core.shell:Creating environment descriptor '/home/piyush_hardreset/maze-solver/install/micromouse_sim/share/micromouse_sim/hook/ament_prefix_path.dsv'
[2.232s] INFO:colcon.colcon_core.shell:Creating environment hook '/home/piyush_hardreset/maze-solver/install/micromouse_sim/share/micromouse_sim/hook/ament_prefix_path.sh'
[2.233s] INFO:colcon.colcon_core.shell:Skip shell extension 'powershell' for command environment: Not usable outside of PowerShell
[2.234s] DEBUG:colcon.colcon_core.shell:Skip shell extension 'dsv' for command environment
[2.862s] INFO:colcon.colcon_core.task.python.build:Building Python package in '/home/piyush_hardreset/maze-solver/simulation/src/micromouse_sim'
[2.862s] INFO:colcon.colcon_core.shell:Skip shell extension 'powershell' for command environment: Not usable outside of PowerShell
[2.863s] DEBUG:colcon.colcon_core.shell:Skip shell extension 'dsv' for command environment
[3.637s] DEBUG:colcon.colcon_core.event_handler.log_command:Invoking command in '/home/piyush_hardreset/maze-solver/simulation/src/micromouse_sim': PYTHONPATH=/home/piyush_hardreset/maze-solver/build/micromouse_sim/prefix_override:/usr/lib/python3/dist-packages/colcon_core/task/python/colcon_distutils_commands:/home/piyush_hardreset/maze-solver/install/micromouse_sim/lib/python3.10/site-packages:${PYTHONPATH} /usr/bin/python3 -W ignore:setup.py install is deprecated -W ignore:easy_install command is deprecated setup.py egg_info --egg-base ../../../build/micromouse_sim build --build-base /home/piyush_hardreset/maze-solver/build/micromouse_sim/build install --record /home/piyush_hardreset/maze-solver/build/micromouse_sim/install.log --single-version-externally-managed install_data
[4.205s] DEBUG:colcon.colcon_core.event_handler.log_command:Invoked command in '/home/piyush_hardreset/maze-solver/simulation/src/micromouse_sim' returned '0': PYTHONPATH=/home/piyush_hardreset/maze-solver/build/micromouse_sim/prefix_override:/usr/lib/python3/dist-packages/colcon_core/task/python/colcon_distutils_commands:/home/piyush_hardreset/maze-solver/install/micromouse_sim/lib/python3.10/site-packages:${PYTHONPATH} /usr/bin/python3 -W ignore:setup.py install is deprecated -W ignore:easy_install command is deprecated setup.py egg_info --egg-base ../../../build/micromouse_sim build --build-base /home/piyush_hardreset/maze-solver/build/micromouse_sim/build install --record /home/piyush_hardreset/maze-solver/build/micromouse_sim/install.log --single-version-externally-managed install_data
[4.210s] Level 1:colcon.colcon_core.environment:checking '/home/piyush_hardreset/maze-solver/install/micromouse_sim' for CMake module files
[4.211s] Level 1:colcon.colcon_core.environment:checking '/home/piyush_hardreset/maze-solver/install/micromouse_sim' for CMake config files
[4.214s] Level 1:colcon.colcon_core.environment:checking '/home/piyush_hardreset/maze-solver/install/micromouse_sim/lib'
[4.214s] Level 1:colcon.colcon_core.environment:checking '/home/piyush_hardreset/maze-solver/install/micromouse_sim/bin'
[4.214s] Level 1:colcon.colcon_core.environment:checking '/home/piyush_hardreset/maze-solver/install/micromouse_sim/lib/pkgconfig/micromouse_sim.pc'
[4.215s] Level 1:colcon.colcon_core.environment:checking '/home/piyush_hardreset/maze-solver/install/micromouse_sim/lib/python3.10/site-packages'
[4.215s] Level 1:colcon.colcon_core.shell:create_environment_hook('micromouse_sim', 'pythonpath')
[4.215s] INFO:colcon.colcon_core.shell:Creating environment hook '/home/piyush_hardreset/maze-solver/install/micromouse_sim/share/micromouse_sim/hook/pythonpath.ps1'
[4.216s] INFO:colcon.colcon_core.shell:Creating environment descriptor '/home/piyush_hardreset/maze-solver/install/micromouse_sim/share/micromouse_sim/hook/pythonpath.dsv'
[4.217s] INFO:colcon.colcon_core.shell:Creating environment hook '/home/piyush_hardreset/maze-solver/install/micromouse_sim/share/micromouse_sim/hook/pythonpath.sh'
[4.218s] Level 1:colcon.colcon_core.environment:checking '/home/piyush_hardreset/maze-solver/install/micromouse_sim/bin'
[4.218s] Level 1:colcon.colcon_core.environment:create_environment_scripts_only(micromouse_sim)
[4.219s] INFO:colcon.colcon_core.shell:Creating package script '/home/piyush_hardreset/maze-solver/install/micromouse_sim/share/micromouse_sim/package.ps1'
[4.221s] INFO:colcon.colcon_core.shell:Creating package descriptor '/home/piyush_hardreset/maze-solver/install/micromouse_sim/share/micromouse_sim/package.dsv'
[4.222s] INFO:colcon.colcon_core.shell:Creating package script '/home/piyush_hardreset/maze-solver/install/micromouse_sim/share/micromouse_sim/package.sh'
[4.223s] INFO:colcon.colcon_core.shell:Creating package script '/home/piyush_hardreset/maze-solver/install/micromouse_sim/share/micromouse_sim/package.bash'
[4.225s] INFO:colcon.colcon_core.shell:Creating package script '/home/piyush_hardreset/maze-solver/install/micromouse_sim/share/micromouse_sim/package.zsh'
[4.227s] Level 1:colcon.colcon_core.environment:create_file_with_runtime_dependencies(/home/piyush_hardreset/maze-solver/install/micromouse_sim/share/colcon-core/packages/micromouse_sim)
[4.227s] DEBUG:colcon.colcon_parallel_executor.executor.parallel:closing loop
[4.229s] DEBUG:colcon.colcon_parallel_executor.executor.parallel:loop closed
[4.229s] DEBUG:colcon.colcon_parallel_executor.executor.parallel:run_until_complete finished with '0'
[4.230s] DEBUG:colcon.colcon_core.event_reactor:joining thread
[4.432s] INFO:colcon.colcon_core.plugin_system:Skipping extension 'colcon_notification.desktop_notification.notify_send': Could not find 'notify-send'
[4.432s] INFO:colcon.colcon_core.plugin_system:Skipping extension 'colcon_notification.desktop_notification.terminal_notifier': Not used on non-Darwin systems
[4.432s] INFO:colcon.colcon_core.plugin_system:Skipping extension 'colcon_notification.desktop_notification.win32': Not used on non-Windows systems
[4.433s] INFO:colcon.colcon_notification.desktop_notification:Sending desktop notification using 'notify2'
[4.441s] DEBUG:colcon.colcon_notification.desktop_notification.notify2:Failed to initialize notify2: org.freedesktop.DBus.Error.ServiceUnknown: The name org.freedesktop.Notifications was not provided by any .service files
[4.442s] DEBUG:colcon.colcon_core.event_reactor:joined thread
[4.442s] INFO:colcon.colcon_core.shell:Creating prefix script '/home/piyush_hardreset/maze-solver/install/local_setup.ps1'
[4.444s] INFO:colcon.colcon_core.shell:Creating prefix util module '/home/piyush_hardreset/maze-solver/install/_local_setup_util_ps1.py'
[4.447s] INFO:colcon.colcon_core.shell:Creating prefix chain script '/home/piyush_hardreset/maze-solver/install/setup.ps1'
[4.449s] INFO:colcon.colcon_core.shell:Creating prefix script '/home/piyush_hardreset/maze-solver/install/local_setup.sh'
[4.450s] INFO:colcon.colcon_core.shell:Creating prefix util module '/home/piyush_hardreset/maze-solver/install/_local_setup_util_sh.py'
[4.452s] INFO:colcon.colcon_core.shell:Creating prefix chain script '/home/piyush_hardreset/maze-solver/install/setup.sh'
[4.454s] INFO:colcon.colcon_core.shell:Creating prefix script '/home/piyush_hardreset/maze-solver/install/local_setup.bash'
[4.455s] INFO:colcon.colcon_core.shell:Creating prefix chain script '/home/piyush_hardreset/maze-solver/install/setup.bash'
[4.457s] INFO:colcon.colcon_core.shell:Creating prefix script '/home/piyush_hardreset/maze-solver/install/local_setup.zsh'
[4.458s] INFO:colcon.colcon_core.shell:Creating prefix chain script '/home/piyush_hardreset/maze-solver/install/setup.zsh'
