[0.467s] Invoking command in '/home/mkapil/ros2_ws/maze-solver/simulation/src/micromouse_sim': PYTHONPATH=/home/mkapil/ros2_ws/maze-solver/build/micromouse_sim/prefix_override:/usr/lib/python3/dist-packages/colcon_core/task/python/colcon_distutils_commands:/home/mkapil/ros2_ws/maze-solver/install/micromouse_sim/lib/python3.10/site-packages:${PYTHONPATH} /usr/bin/python3 -W ignore:setup.py install is deprecated -W ignore:easy_install command is deprecated setup.py egg_info --egg-base ../../../build/micromouse_sim build --build-base /home/mkapil/ros2_ws/maze-solver/build/micromouse_sim/build install --record /home/mkapil/ros2_ws/maze-solver/build/micromouse_sim/install.log --single-version-externally-managed install_data
[0.592s] running egg_info
[0.592s] writing ../../../build/micromouse_sim/micromouse_sim.egg-info/PKG-INFO
[0.593s] writing dependency_links to ../../../build/micromouse_sim/micromouse_sim.egg-info/dependency_links.txt
[0.593s] writing entry points to ../../../build/micromouse_sim/micromouse_sim.egg-info/entry_points.txt
[0.593s] writing requirements to ../../../build/micromouse_sim/micromouse_sim.egg-info/requires.txt
[0.593s] writing top-level names to ../../../build/micromouse_sim/micromouse_sim.egg-info/top_level.txt
[0.594s] reading manifest file '../../../build/micromouse_sim/micromouse_sim.egg-info/SOURCES.txt'
[0.595s] adding license file 'LICENSE'
[0.595s] writing manifest file '../../../build/micromouse_sim/micromouse_sim.egg-info/SOURCES.txt'
[0.595s] running build
[0.596s] running build_py
[0.596s] running install
[0.596s] running install_lib
[0.596s] running install_data
[0.597s] running install_egg_info
[0.597s] removing '/home/mkapil/ros2_ws/maze-solver/install/micromouse_sim/lib/python3.10/site-packages/micromouse_sim-0.0.0-py3.10.egg-info' (and everything under it)
[0.598s] Copying ../../../build/micromouse_sim/micromouse_sim.egg-info to /home/mkapil/ros2_ws/maze-solver/install/micromouse_sim/lib/python3.10/site-packages/micromouse_sim-0.0.0-py3.10.egg-info
[0.599s] running install_scripts
[0.611s] Installing ros_simulator script to /home/mkapil/ros2_ws/maze-solver/install/micromouse_sim/lib/micromouse_sim
[0.612s] writing list of installed files to '/home/mkapil/ros2_ws/maze-solver/build/micromouse_sim/install.log'
[0.629s] Invoked command in '/home/mkapil/ros2_ws/maze-solver/simulation/src/micromouse_sim' returned '0': PYTHONPATH=/home/mkapil/ros2_ws/maze-solver/build/micromouse_sim/prefix_override:/usr/lib/python3/dist-packages/colcon_core/task/python/colcon_distutils_commands:/home/mkapil/ros2_ws/maze-solver/install/micromouse_sim/lib/python3.10/site-packages:${PYTHONPATH} /usr/bin/python3 -W ignore:setup.py install is deprecated -W ignore:easy_install command is deprecated setup.py egg_info --egg-base ../../../build/micromouse_sim build --build-base /home/mkapil/ros2_ws/maze-solver/build/micromouse_sim/build install --record /home/mkapil/ros2_ws/maze-solver/build/micromouse_sim/install.log --single-version-externally-managed install_data
