[1.677s] Invoking command in '/home/piyush_hardreset/maze-solver/simulation/src/micromouse_sim': PYTHONPATH=/home/piyush_hardreset/maze-solver/build/micromouse_sim/prefix_override:/usr/lib/python3/dist-packages/colcon_core/task/python/colcon_distutils_commands:/home/piyush_hardreset/maze-solver/install/micromouse_sim/lib/python3.10/site-packages:${PYTHONPATH} /usr/bin/python3 -W ignore:setup.py install is deprecated -W ignore:easy_install command is deprecated setup.py egg_info --egg-base ../../../build/micromouse_sim build --build-base /home/piyush_hardreset/maze-solver/build/micromouse_sim/build install --record /home/piyush_hardreset/maze-solver/build/micromouse_sim/install.log --single-version-externally-managed install_data
[2.111s] running egg_info
[2.112s] writing ../../../build/micromouse_sim/micromouse_sim.egg-info/PKG-INFO
[2.114s] writing dependency_links to ../../../build/micromouse_sim/micromouse_sim.egg-info/dependency_links.txt
[2.114s] writing entry points to ../../../build/micromouse_sim/micromouse_sim.egg-info/entry_points.txt
[2.115s] writing requirements to ../../../build/micromouse_sim/micromouse_sim.egg-info/requires.txt
[2.116s] writing top-level names to ../../../build/micromouse_sim/micromouse_sim.egg-info/top_level.txt
[2.119s] reading manifest file '../../../build/micromouse_sim/micromouse_sim.egg-info/SOURCES.txt'
[2.120s] adding license file 'LICENSE'
[2.121s] writing manifest file '../../../build/micromouse_sim/micromouse_sim.egg-info/SOURCES.txt'
[2.122s] running build
[2.123s] running build_py
[2.123s] copying micromouse_sim/ros_simulator.py -> /home/piyush_hardreset/maze-solver/build/micromouse_sim/build/lib/micromouse_sim
[2.125s] running install
[2.125s] running install_lib
[2.127s] copying /home/piyush_hardreset/maze-solver/build/micromouse_sim/build/lib/micromouse_sim/ros_simulator.py -> /home/piyush_hardreset/maze-solver/install/micromouse_sim/lib/python3.10/site-packages/micromouse_sim
[2.129s] byte-compiling /home/piyush_hardreset/maze-solver/install/micromouse_sim/lib/python3.10/site-packages/micromouse_sim/ros_simulator.py to ros_simulator.cpython-310.pyc
[2.133s] byte-compiling /home/piyush_hardreset/maze-solver/install/micromouse_sim/lib/python3.10/site-packages/micromouse_sim/__init__.py to __init__.cpython-310.pyc
[2.134s] running install_data
[2.134s] copying launch/full_sim.launch.py -> /home/piyush_hardreset/maze-solver/install/micromouse_sim/share/micromouse_sim/launch
[2.137s] copying urdf/skid.xacro -> /home/piyush_hardreset/maze-solver/install/micromouse_sim/share/micromouse_sim/urdf
[2.138s] creating /home/piyush_hardreset/maze-solver/install/micromouse_sim/share/micromouse_sim/meshes
[2.139s] running install_egg_info
[2.143s] removing '/home/piyush_hardreset/maze-solver/install/micromouse_sim/lib/python3.10/site-packages/micromouse_sim-0.0.0-py3.10.egg-info' (and everything under it)
[2.145s] Copying ../../../build/micromouse_sim/micromouse_sim.egg-info to /home/piyush_hardreset/maze-solver/install/micromouse_sim/lib/python3.10/site-packages/micromouse_sim-0.0.0-py3.10.egg-info
[2.148s] running install_scripts
[2.180s] Installing ros_simulator script to /home/piyush_hardreset/maze-solver/install/micromouse_sim/lib/micromouse_sim
[2.181s] writing list of installed files to '/home/piyush_hardreset/maze-solver/build/micromouse_sim/install.log'
[2.219s] Invoked command in '/home/piyush_hardreset/maze-solver/simulation/src/micromouse_sim' returned '0': PYTHONPATH=/home/piyush_hardreset/maze-solver/build/micromouse_sim/prefix_override:/usr/lib/python3/dist-packages/colcon_core/task/python/colcon_distutils_commands:/home/piyush_hardreset/maze-solver/install/micromouse_sim/lib/python3.10/site-packages:${PYTHONPATH} /usr/bin/python3 -W ignore:setup.py install is deprecated -W ignore:easy_install command is deprecated setup.py egg_info --egg-base ../../../build/micromouse_sim build --build-base /home/piyush_hardreset/maze-solver/build/micromouse_sim/build install --record /home/piyush_hardreset/maze-solver/build/micromouse_sim/install.log --single-version-externally-managed install_data
