[0.188s] DEBUG:colcon:Command line arguments: ['/usr/bin/colcon', 'build', '--packages-select', 'micromouse_sim']
[0.188s] DEBUG:colcon:Parsed command line arguments: Namespace(log_base=None, log_level=None, verb_name='build', build_base='build', install_base='install', merge_install=False, symlink_install=False, test_result_base=None, continue_on_error=False, executor='parallel', parallel_workers=20, event_handlers=None, ignore_user_meta=False, metas=['./colcon.meta'], base_paths=['.'], packages_ignore=None, packages_ignore_regex=None, paths=None, packages_up_to=None, packages_up_to_regex=None, packages_above=None, packages_above_and_dependencies=None, packages_above_depth=None, packages_select_by_dep=None, packages_skip_by_dep=None, packages_skip_up_to=None, packages_select_build_failed=False, packages_skip_build_finished=False, packages_select_test_failures=False, packages_skip_test_passed=False, packages_select=['micromouse_sim'], packages_skip=None, packages_select_regex=None, packages_skip_regex=None, packages_start=None, packages_end=None, allow_overriding=[], cmake_args=None, cmake_target=None, cmake_target_skip_unavailable=False, cmake_clean_cache=False, cmake_clean_first=False, cmake_force_configure=False, ament_cmake_args=None, catkin_cmake_args=None, catkin_skip_building_tests=False, mixin_files=None, mixin=None, verb_parser=<colcon_mixin.mixin.mixin_argument.MixinArgumentDecorator object at 0x72d6b725cb20>, verb_extension=<colcon_core.verb.build.BuildVerb object at 0x72d6b725c3d0>, main=<bound method BuildVerb.main of <colcon_core.verb.build.BuildVerb object at 0x72d6b725c3d0>>, mixin_verb=('build',))
[0.520s] Level 1:colcon.colcon_core.package_discovery:discover_packages(colcon_meta) check parameters
[0.520s] Level 1:colcon.colcon_core.package_discovery:discover_packages(recursive) check parameters
[0.520s] Level 1:colcon.colcon_core.package_discovery:discover_packages(ignore) check parameters
[0.520s] Level 1:colcon.colcon_core.package_discovery:discover_packages(path) check parameters
[0.520s] Level 1:colcon.colcon_core.package_discovery:discover_packages(colcon_meta) discover
[0.520s] Level 1:colcon.colcon_core.package_discovery:discover_packages(recursive) discover
[0.520s] INFO:colcon.colcon_core.package_discovery:Crawling recursively for packages in '/home/mkapil/ros2_ws/maze-solver'
[0.520s] Level 1:colcon.colcon_core.package_identification:_identify(.) by extensions ['ignore', 'ignore_ament_install']
[0.520s] Level 1:colcon.colcon_core.package_identification:_identify(.) by extension 'ignore'
[0.520s] Level 1:colcon.colcon_core.package_identification:_identify(.) by extension 'ignore_ament_install'
[0.520s] Level 1:colcon.colcon_core.package_identification:_identify(.) by extensions ['colcon_pkg']
[0.520s] Level 1:colcon.colcon_core.package_identification:_identify(.) by extension 'colcon_pkg'
[0.520s] Level 1:colcon.colcon_core.package_identification:_identify(.) by extensions ['colcon_meta']
[0.520s] Level 1:colcon.colcon_core.package_identification:_identify(.) by extension 'colcon_meta'
[0.520s] Level 1:colcon.colcon_core.package_identification:_identify(.) by extensions ['ros']
[0.520s] Level 1:colcon.colcon_core.package_identification:_identify(.) by extension 'ros'
[0.530s] Level 1:colcon.colcon_core.package_identification:_identify(.) by extensions ['cmake', 'python']
[0.530s] Level 1:colcon.colcon_core.package_identification:_identify(.) by extension 'cmake'
[0.530s] Level 1:colcon.colcon_core.package_identification:_identify(.) by extension 'python'
[0.530s] Level 1:colcon.colcon_core.package_identification:_identify(.) by extensions ['python_setup_py']
[0.530s] Level 1:colcon.colcon_core.package_identification:_identify(.) by extension 'python_setup_py'
[0.530s] Level 1:colcon.colcon_core.package_identification:_identify(algorithms) by extensions ['ignore', 'ignore_ament_install']
[0.530s] Level 1:colcon.colcon_core.package_identification:_identify(algorithms) by extension 'ignore'
[0.530s] Level 1:colcon.colcon_core.package_identification:_identify(algorithms) by extension 'ignore_ament_install'
[0.530s] Level 1:colcon.colcon_core.package_identification:_identify(algorithms) by extensions ['colcon_pkg']
[0.530s] Level 1:colcon.colcon_core.package_identification:_identify(algorithms) by extension 'colcon_pkg'
[0.531s] Level 1:colcon.colcon_core.package_identification:_identify(algorithms) by extensions ['colcon_meta']
[0.531s] Level 1:colcon.colcon_core.package_identification:_identify(algorithms) by extension 'colcon_meta'
[0.531s] Level 1:colcon.colcon_core.package_identification:_identify(algorithms) by extensions ['ros']
[0.531s] Level 1:colcon.colcon_core.package_identification:_identify(algorithms) by extension 'ros'
[0.531s] Level 1:colcon.colcon_core.package_identification:_identify(algorithms) by extensions ['cmake', 'python']
[0.531s] Level 1:colcon.colcon_core.package_identification:_identify(algorithms) by extension 'cmake'
[0.531s] Level 1:colcon.colcon_core.package_identification:_identify(algorithms) by extension 'python'
[0.531s] Level 1:colcon.colcon_core.package_identification:_identify(algorithms) by extensions ['python_setup_py']
[0.531s] Level 1:colcon.colcon_core.package_identification:_identify(algorithms) by extension 'python_setup_py'
[0.531s] Level 1:colcon.colcon_core.package_identification:_identify(algorithms/__pycache__) by extensions ['ignore', 'ignore_ament_install']
[0.531s] Level 1:colcon.colcon_core.package_identification:_identify(algorithms/__pycache__) by extension 'ignore'
[0.531s] Level 1:colcon.colcon_core.package_identification:_identify(algorithms/__pycache__) by extension 'ignore_ament_install'
[0.531s] Level 1:colcon.colcon_core.package_identification:_identify(algorithms/__pycache__) by extensions ['colcon_pkg']
[0.531s] Level 1:colcon.colcon_core.package_identification:_identify(algorithms/__pycache__) by extension 'colcon_pkg'
[0.531s] Level 1:colcon.colcon_core.package_identification:_identify(algorithms/__pycache__) by extensions ['colcon_meta']
[0.531s] Level 1:colcon.colcon_core.package_identification:_identify(algorithms/__pycache__) by extension 'colcon_meta'
[0.531s] Level 1:colcon.colcon_core.package_identification:_identify(algorithms/__pycache__) by extensions ['ros']
[0.531s] Level 1:colcon.colcon_core.package_identification:_identify(algorithms/__pycache__) by extension 'ros'
[0.531s] Level 1:colcon.colcon_core.package_identification:_identify(algorithms/__pycache__) by extensions ['cmake', 'python']
[0.531s] Level 1:colcon.colcon_core.package_identification:_identify(algorithms/__pycache__) by extension 'cmake'
[0.531s] Level 1:colcon.colcon_core.package_identification:_identify(algorithms/__pycache__) by extension 'python'
[0.531s] Level 1:colcon.colcon_core.package_identification:_identify(algorithms/__pycache__) by extensions ['python_setup_py']
[0.531s] Level 1:colcon.colcon_core.package_identification:_identify(algorithms/__pycache__) by extension 'python_setup_py'
[0.531s] Level 1:colcon.colcon_core.package_identification:_identify(algorithms/maze_images) by extensions ['ignore', 'ignore_ament_install']
[0.531s] Level 1:colcon.colcon_core.package_identification:_identify(algorithms/maze_images) by extension 'ignore'
[0.531s] Level 1:colcon.colcon_core.package_identification:_identify(algorithms/maze_images) by extension 'ignore_ament_install'
[0.531s] Level 1:colcon.colcon_core.package_identification:_identify(algorithms/maze_images) by extensions ['colcon_pkg']
[0.531s] Level 1:colcon.colcon_core.package_identification:_identify(algorithms/maze_images) by extension 'colcon_pkg'
[0.531s] Level 1:colcon.colcon_core.package_identification:_identify(algorithms/maze_images) by extensions ['colcon_meta']
[0.531s] Level 1:colcon.colcon_core.package_identification:_identify(algorithms/maze_images) by extension 'colcon_meta'
[0.531s] Level 1:colcon.colcon_core.package_identification:_identify(algorithms/maze_images) by extensions ['ros']
[0.531s] Level 1:colcon.colcon_core.package_identification:_identify(algorithms/maze_images) by extension 'ros'
[0.531s] Level 1:colcon.colcon_core.package_identification:_identify(algorithms/maze_images) by extensions ['cmake', 'python']
[0.532s] Level 1:colcon.colcon_core.package_identification:_identify(algorithms/maze_images) by extension 'cmake'
[0.532s] Level 1:colcon.colcon_core.package_identification:_identify(algorithms/maze_images) by extension 'python'
[0.532s] Level 1:colcon.colcon_core.package_identification:_identify(algorithms/maze_images) by extensions ['python_setup_py']
[0.532s] Level 1:colcon.colcon_core.package_identification:_identify(algorithms/maze_images) by extension 'python_setup_py'
[0.532s] Level 1:colcon.colcon_core.package_identification:_identify(build) by extensions ['ignore', 'ignore_ament_install']
[0.532s] Level 1:colcon.colcon_core.package_identification:_identify(build) by extension 'ignore'
[0.532s] Level 1:colcon.colcon_core.package_identification:_identify(build) ignored
[0.532s] Level 1:colcon.colcon_core.package_identification:_identify(electronics) by extensions ['ignore', 'ignore_ament_install']
[0.532s] Level 1:colcon.colcon_core.package_identification:_identify(electronics) by extension 'ignore'
[0.532s] Level 1:colcon.colcon_core.package_identification:_identify(electronics) by extension 'ignore_ament_install'
[0.532s] Level 1:colcon.colcon_core.package_identification:_identify(electronics) by extensions ['colcon_pkg']
[0.532s] Level 1:colcon.colcon_core.package_identification:_identify(electronics) by extension 'colcon_pkg'
[0.532s] Level 1:colcon.colcon_core.package_identification:_identify(electronics) by extensions ['colcon_meta']
[0.532s] Level 1:colcon.colcon_core.package_identification:_identify(electronics) by extension 'colcon_meta'
[0.532s] Level 1:colcon.colcon_core.package_identification:_identify(electronics) by extensions ['ros']
[0.532s] Level 1:colcon.colcon_core.package_identification:_identify(electronics) by extension 'ros'
[0.532s] Level 1:colcon.colcon_core.package_identification:_identify(electronics) by extensions ['cmake', 'python']
[0.532s] Level 1:colcon.colcon_core.package_identification:_identify(electronics) by extension 'cmake'
[0.532s] Level 1:colcon.colcon_core.package_identification:_identify(electronics) by extension 'python'
[0.532s] Level 1:colcon.colcon_core.package_identification:_identify(electronics) by extensions ['python_setup_py']
[0.532s] Level 1:colcon.colcon_core.package_identification:_identify(electronics) by extension 'python_setup_py'
[0.532s] Level 1:colcon.colcon_core.package_identification:_identify(hardware) by extensions ['ignore', 'ignore_ament_install']
[0.532s] Level 1:colcon.colcon_core.package_identification:_identify(hardware) by extension 'ignore'
[0.532s] Level 1:colcon.colcon_core.package_identification:_identify(hardware) by extension 'ignore_ament_install'
[0.532s] Level 1:colcon.colcon_core.package_identification:_identify(hardware) by extensions ['colcon_pkg']
[0.532s] Level 1:colcon.colcon_core.package_identification:_identify(hardware) by extension 'colcon_pkg'
[0.532s] Level 1:colcon.colcon_core.package_identification:_identify(hardware) by extensions ['colcon_meta']
[0.532s] Level 1:colcon.colcon_core.package_identification:_identify(hardware) by extension 'colcon_meta'
[0.532s] Level 1:colcon.colcon_core.package_identification:_identify(hardware) by extensions ['ros']
[0.532s] Level 1:colcon.colcon_core.package_identification:_identify(hardware) by extension 'ros'
[0.532s] Level 1:colcon.colcon_core.package_identification:_identify(hardware) by extensions ['cmake', 'python']
[0.532s] Level 1:colcon.colcon_core.package_identification:_identify(hardware) by extension 'cmake'
[0.532s] Level 1:colcon.colcon_core.package_identification:_identify(hardware) by extension 'python'
[0.532s] Level 1:colcon.colcon_core.package_identification:_identify(hardware) by extensions ['python_setup_py']
[0.532s] Level 1:colcon.colcon_core.package_identification:_identify(hardware) by extension 'python_setup_py'
[0.532s] Level 1:colcon.colcon_core.package_identification:_identify(hardware/Mechanism) by extensions ['ignore', 'ignore_ament_install']
[0.532s] Level 1:colcon.colcon_core.package_identification:_identify(hardware/Mechanism) by extension 'ignore'
[0.532s] Level 1:colcon.colcon_core.package_identification:_identify(hardware/Mechanism) by extension 'ignore_ament_install'
[0.533s] Level 1:colcon.colcon_core.package_identification:_identify(hardware/Mechanism) by extensions ['colcon_pkg']
[0.533s] Level 1:colcon.colcon_core.package_identification:_identify(hardware/Mechanism) by extension 'colcon_pkg'
[0.533s] Level 1:colcon.colcon_core.package_identification:_identify(hardware/Mechanism) by extensions ['colcon_meta']
[0.533s] Level 1:colcon.colcon_core.package_identification:_identify(hardware/Mechanism) by extension 'colcon_meta'
[0.533s] Level 1:colcon.colcon_core.package_identification:_identify(hardware/Mechanism) by extensions ['ros']
[0.533s] Level 1:colcon.colcon_core.package_identification:_identify(hardware/Mechanism) by extension 'ros'
[0.533s] Level 1:colcon.colcon_core.package_identification:_identify(hardware/Mechanism) by extensions ['cmake', 'python']
[0.533s] Level 1:colcon.colcon_core.package_identification:_identify(hardware/Mechanism) by extension 'cmake'
[0.533s] Level 1:colcon.colcon_core.package_identification:_identify(hardware/Mechanism) by extension 'python'
[0.533s] Level 1:colcon.colcon_core.package_identification:_identify(hardware/Mechanism) by extensions ['python_setup_py']
[0.533s] Level 1:colcon.colcon_core.package_identification:_identify(hardware/Mechanism) by extension 'python_setup_py'
[0.533s] Level 1:colcon.colcon_core.package_identification:_identify(install) by extensions ['ignore', 'ignore_ament_install']
[0.533s] Level 1:colcon.colcon_core.package_identification:_identify(install) by extension 'ignore'
[0.533s] Level 1:colcon.colcon_core.package_identification:_identify(install) ignored
[0.533s] Level 1:colcon.colcon_core.package_identification:_identify(log) by extensions ['ignore', 'ignore_ament_install']
[0.533s] Level 1:colcon.colcon_core.package_identification:_identify(log) by extension 'ignore'
[0.533s] Level 1:colcon.colcon_core.package_identification:_identify(log) ignored
[0.533s] Level 1:colcon.colcon_core.package_identification:_identify(simulation) by extensions ['ignore', 'ignore_ament_install']
[0.533s] Level 1:colcon.colcon_core.package_identification:_identify(simulation) by extension 'ignore'
[0.533s] Level 1:colcon.colcon_core.package_identification:_identify(simulation) by extension 'ignore_ament_install'
[0.533s] Level 1:colcon.colcon_core.package_identification:_identify(simulation) by extensions ['colcon_pkg']
[0.533s] Level 1:colcon.colcon_core.package_identification:_identify(simulation) by extension 'colcon_pkg'
[0.533s] Level 1:colcon.colcon_core.package_identification:_identify(simulation) by extensions ['colcon_meta']
[0.533s] Level 1:colcon.colcon_core.package_identification:_identify(simulation) by extension 'colcon_meta'
[0.533s] Level 1:colcon.colcon_core.package_identification:_identify(simulation) by extensions ['ros']
[0.533s] Level 1:colcon.colcon_core.package_identification:_identify(simulation) by extension 'ros'
[0.533s] Level 1:colcon.colcon_core.package_identification:_identify(simulation) by extensions ['cmake', 'python']
[0.533s] Level 1:colcon.colcon_core.package_identification:_identify(simulation) by extension 'cmake'
[0.533s] Level 1:colcon.colcon_core.package_identification:_identify(simulation) by extension 'python'
[0.533s] Level 1:colcon.colcon_core.package_identification:_identify(simulation) by extensions ['python_setup_py']
[0.533s] Level 1:colcon.colcon_core.package_identification:_identify(simulation) by extension 'python_setup_py'
[0.533s] Level 1:colcon.colcon_core.package_identification:_identify(simulation/build) by extensions ['ignore', 'ignore_ament_install']
[0.533s] Level 1:colcon.colcon_core.package_identification:_identify(simulation/build) by extension 'ignore'
[0.533s] Level 1:colcon.colcon_core.package_identification:_identify(simulation/build) ignored
[0.533s] Level 1:colcon.colcon_core.package_identification:_identify(simulation/install) by extensions ['ignore', 'ignore_ament_install']
[0.534s] Level 1:colcon.colcon_core.package_identification:_identify(simulation/install) by extension 'ignore'
[0.534s] Level 1:colcon.colcon_core.package_identification:_identify(simulation/install) ignored
[0.534s] Level 1:colcon.colcon_core.package_identification:_identify(simulation/log) by extensions ['ignore', 'ignore_ament_install']
[0.534s] Level 1:colcon.colcon_core.package_identification:_identify(simulation/log) by extension 'ignore'
[0.534s] Level 1:colcon.colcon_core.package_identification:_identify(simulation/log) ignored
[0.534s] Level 1:colcon.colcon_core.package_identification:_identify(simulation/src) by extensions ['ignore', 'ignore_ament_install']
[0.534s] Level 1:colcon.colcon_core.package_identification:_identify(simulation/src) by extension 'ignore'
[0.534s] Level 1:colcon.colcon_core.package_identification:_identify(simulation/src) by extension 'ignore_ament_install'
[0.534s] Level 1:colcon.colcon_core.package_identification:_identify(simulation/src) by extensions ['colcon_pkg']
[0.534s] Level 1:colcon.colcon_core.package_identification:_identify(simulation/src) by extension 'colcon_pkg'
[0.534s] Level 1:colcon.colcon_core.package_identification:_identify(simulation/src) by extensions ['colcon_meta']
[0.534s] Level 1:colcon.colcon_core.package_identification:_identify(simulation/src) by extension 'colcon_meta'
[0.534s] Level 1:colcon.colcon_core.package_identification:_identify(simulation/src) by extensions ['ros']
[0.534s] Level 1:colcon.colcon_core.package_identification:_identify(simulation/src) by extension 'ros'
[0.534s] Level 1:colcon.colcon_core.package_identification:_identify(simulation/src) by extensions ['cmake', 'python']
[0.534s] Level 1:colcon.colcon_core.package_identification:_identify(simulation/src) by extension 'cmake'
[0.534s] Level 1:colcon.colcon_core.package_identification:_identify(simulation/src) by extension 'python'
[0.534s] Level 1:colcon.colcon_core.package_identification:_identify(simulation/src) by extensions ['python_setup_py']
[0.534s] Level 1:colcon.colcon_core.package_identification:_identify(simulation/src) by extension 'python_setup_py'
[0.534s] Level 1:colcon.colcon_core.package_identification:_identify(simulation/src/micromouse_sim) by extensions ['ignore', 'ignore_ament_install']
[0.534s] Level 1:colcon.colcon_core.package_identification:_identify(simulation/src/micromouse_sim) by extension 'ignore'
[0.534s] Level 1:colcon.colcon_core.package_identification:_identify(simulation/src/micromouse_sim) by extension 'ignore_ament_install'
[0.534s] Level 1:colcon.colcon_core.package_identification:_identify(simulation/src/micromouse_sim) by extensions ['colcon_pkg']
[0.534s] Level 1:colcon.colcon_core.package_identification:_identify(simulation/src/micromouse_sim) by extension 'colcon_pkg'
[0.534s] Level 1:colcon.colcon_core.package_identification:_identify(simulation/src/micromouse_sim) by extensions ['colcon_meta']
[0.534s] Level 1:colcon.colcon_core.package_identification:_identify(simulation/src/micromouse_sim) by extension 'colcon_meta'
[0.534s] Level 1:colcon.colcon_core.package_identification:_identify(simulation/src/micromouse_sim) by extensions ['ros']
[0.534s] Level 1:colcon.colcon_core.package_identification:_identify(simulation/src/micromouse_sim) by extension 'ros'
[0.538s] DEBUG:colcon.colcon_core.package_identification:Package 'simulation/src/micromouse_sim' with type 'ros.ament_python' and name 'micromouse_sim'
[0.538s] Level 1:colcon.colcon_core.package_discovery:discover_packages(recursive) using defaults
[0.538s] Level 1:colcon.colcon_core.package_discovery:discover_packages(ignore) discover
[0.538s] Level 1:colcon.colcon_core.package_discovery:discover_packages(ignore) using defaults
[0.538s] Level 1:colcon.colcon_core.package_discovery:discover_packages(path) discover
[0.538s] Level 1:colcon.colcon_core.package_discovery:discover_packages(path) using defaults
[0.569s] Level 1:colcon.colcon_core.package_discovery:discover_packages(prefix_path) check parameters
[0.569s] Level 1:colcon.colcon_core.package_discovery:discover_packages(prefix_path) discover
[0.574s] DEBUG:colcon.colcon_installed_package_information.package_discovery:Found 328 installed packages in /opt/ros/humble
[0.575s] Level 1:colcon.colcon_core.package_discovery:discover_packages(prefix_path) using defaults
[0.598s] Level 5:colcon.colcon_core.verb:set package 'micromouse_sim' build argument 'cmake_args' from command line to 'None'
[0.598s] Level 5:colcon.colcon_core.verb:set package 'micromouse_sim' build argument 'cmake_target' from command line to 'None'
[0.598s] Level 5:colcon.colcon_core.verb:set package 'micromouse_sim' build argument 'cmake_target_skip_unavailable' from command line to 'False'
[0.598s] Level 5:colcon.colcon_core.verb:set package 'micromouse_sim' build argument 'cmake_clean_cache' from command line to 'False'
[0.598s] Level 5:colcon.colcon_core.verb:set package 'micromouse_sim' build argument 'cmake_clean_first' from command line to 'False'
[0.598s] Level 5:colcon.colcon_core.verb:set package 'micromouse_sim' build argument 'cmake_force_configure' from command line to 'False'
[0.598s] Level 5:colcon.colcon_core.verb:set package 'micromouse_sim' build argument 'ament_cmake_args' from command line to 'None'
[0.598s] Level 5:colcon.colcon_core.verb:set package 'micromouse_sim' build argument 'catkin_cmake_args' from command line to 'None'
[0.598s] Level 5:colcon.colcon_core.verb:set package 'micromouse_sim' build argument 'catkin_skip_building_tests' from command line to 'False'
[0.598s] DEBUG:colcon.colcon_core.verb:Building package 'micromouse_sim' with the following arguments: {'ament_cmake_args': None, 'build_base': '/home/mkapil/ros2_ws/maze-solver/build/micromouse_sim', 'catkin_cmake_args': None, 'catkin_skip_building_tests': False, 'cmake_args': None, 'cmake_clean_cache': False, 'cmake_clean_first': False, 'cmake_force_configure': False, 'cmake_target': None, 'cmake_target_skip_unavailable': False, 'install_base': '/home/mkapil/ros2_ws/maze-solver/install/micromouse_sim', 'merge_install': False, 'path': '/home/mkapil/ros2_ws/maze-solver/simulation/src/micromouse_sim', 'symlink_install': False, 'test_result_base': None}
[0.598s] INFO:colcon.colcon_core.executor:Executing jobs using 'parallel' executor
[0.599s] DEBUG:colcon.colcon_parallel_executor.executor.parallel:run_until_complete
[0.599s] INFO:colcon.colcon_ros.task.ament_python.build:Building ROS package in '/home/mkapil/ros2_ws/maze-solver/simulation/src/micromouse_sim' with build type 'ament_python'
[0.599s] Level 1:colcon.colcon_core.shell:create_environment_hook('micromouse_sim', 'ament_prefix_path')
[0.607s] INFO:colcon.colcon_core.plugin_system:Skipping extension 'colcon_core.shell.bat': Not used on non-Windows systems
[0.607s] INFO:colcon.colcon_core.shell:Creating environment hook '/home/mkapil/ros2_ws/maze-solver/install/micromouse_sim/share/micromouse_sim/hook/ament_prefix_path.ps1'
[0.608s] INFO:colcon.colcon_core.shell:Creating environment descriptor '/home/mkapil/ros2_ws/maze-solver/install/micromouse_sim/share/micromouse_sim/hook/ament_prefix_path.dsv'
[0.609s] INFO:colcon.colcon_core.shell:Creating environment hook '/home/mkapil/ros2_ws/maze-solver/install/micromouse_sim/share/micromouse_sim/hook/ament_prefix_path.sh'
[0.610s] INFO:colcon.colcon_core.shell:Skip shell extension 'powershell' for command environment: Not usable outside of PowerShell
[0.610s] DEBUG:colcon.colcon_core.shell:Skip shell extension 'dsv' for command environment
[0.771s] INFO:colcon.colcon_core.task.python.build:Building Python package in '/home/mkapil/ros2_ws/maze-solver/simulation/src/micromouse_sim'
[0.771s] INFO:colcon.colcon_core.shell:Skip shell extension 'powershell' for command environment: Not usable outside of PowerShell
[0.771s] DEBUG:colcon.colcon_core.shell:Skip shell extension 'dsv' for command environment
[1.067s] DEBUG:colcon.colcon_core.event_handler.log_command:Invoking command in '/home/mkapil/ros2_ws/maze-solver/simulation/src/micromouse_sim': PYTHONPATH=/home/mkapil/ros2_ws/maze-solver/build/micromouse_sim/prefix_override:/usr/lib/python3/dist-packages/colcon_core/task/python/colcon_distutils_commands:/home/mkapil/ros2_ws/maze-solver/install/micromouse_sim/lib/python3.10/site-packages:${PYTHONPATH} /usr/bin/python3 -W ignore:setup.py install is deprecated -W ignore:easy_install command is deprecated setup.py egg_info --egg-base ../../../build/micromouse_sim build --build-base /home/mkapil/ros2_ws/maze-solver/build/micromouse_sim/build install --record /home/mkapil/ros2_ws/maze-solver/build/micromouse_sim/install.log --single-version-externally-managed install_data
[1.229s] DEBUG:colcon.colcon_core.event_handler.log_command:Invoked command in '/home/mkapil/ros2_ws/maze-solver/simulation/src/micromouse_sim' returned '0': PYTHONPATH=/home/mkapil/ros2_ws/maze-solver/build/micromouse_sim/prefix_override:/usr/lib/python3/dist-packages/colcon_core/task/python/colcon_distutils_commands:/home/mkapil/ros2_ws/maze-solver/install/micromouse_sim/lib/python3.10/site-packages:${PYTHONPATH} /usr/bin/python3 -W ignore:setup.py install is deprecated -W ignore:easy_install command is deprecated setup.py egg_info --egg-base ../../../build/micromouse_sim build --build-base /home/mkapil/ros2_ws/maze-solver/build/micromouse_sim/build install --record /home/mkapil/ros2_ws/maze-solver/build/micromouse_sim/install.log --single-version-externally-managed install_data
[1.235s] Level 1:colcon.colcon_core.environment:checking '/home/mkapil/ros2_ws/maze-solver/install/micromouse_sim' for CMake module files
[1.235s] Level 1:colcon.colcon_core.environment:checking '/home/mkapil/ros2_ws/maze-solver/install/micromouse_sim' for CMake config files
[1.236s] Level 1:colcon.colcon_core.environment:checking '/home/mkapil/ros2_ws/maze-solver/install/micromouse_sim/lib'
[1.236s] Level 1:colcon.colcon_core.environment:checking '/home/mkapil/ros2_ws/maze-solver/install/micromouse_sim/bin'
[1.236s] Level 1:colcon.colcon_core.environment:checking '/home/mkapil/ros2_ws/maze-solver/install/micromouse_sim/lib/pkgconfig/micromouse_sim.pc'
[1.236s] Level 1:colcon.colcon_core.environment:checking '/home/mkapil/ros2_ws/maze-solver/install/micromouse_sim/lib/python3.10/site-packages'
[1.236s] Level 1:colcon.colcon_core.shell:create_environment_hook('micromouse_sim', 'pythonpath')
[1.236s] INFO:colcon.colcon_core.shell:Creating environment hook '/home/mkapil/ros2_ws/maze-solver/install/micromouse_sim/share/micromouse_sim/hook/pythonpath.ps1'
[1.237s] INFO:colcon.colcon_core.shell:Creating environment descriptor '/home/mkapil/ros2_ws/maze-solver/install/micromouse_sim/share/micromouse_sim/hook/pythonpath.dsv'
[1.237s] INFO:colcon.colcon_core.shell:Creating environment hook '/home/mkapil/ros2_ws/maze-solver/install/micromouse_sim/share/micromouse_sim/hook/pythonpath.sh'
[1.238s] Level 1:colcon.colcon_core.environment:checking '/home/mkapil/ros2_ws/maze-solver/install/micromouse_sim/bin'
[1.238s] Level 1:colcon.colcon_core.environment:create_environment_scripts_only(micromouse_sim)
[1.238s] INFO:colcon.colcon_core.shell:Creating package script '/home/mkapil/ros2_ws/maze-solver/install/micromouse_sim/share/micromouse_sim/package.ps1'
[1.239s] INFO:colcon.colcon_core.shell:Creating package descriptor '/home/mkapil/ros2_ws/maze-solver/install/micromouse_sim/share/micromouse_sim/package.dsv'
[1.240s] INFO:colcon.colcon_core.shell:Creating package script '/home/mkapil/ros2_ws/maze-solver/install/micromouse_sim/share/micromouse_sim/package.sh'
[1.241s] INFO:colcon.colcon_core.shell:Creating package script '/home/mkapil/ros2_ws/maze-solver/install/micromouse_sim/share/micromouse_sim/package.bash'
[1.242s] INFO:colcon.colcon_core.shell:Creating package script '/home/mkapil/ros2_ws/maze-solver/install/micromouse_sim/share/micromouse_sim/package.zsh'
[1.243s] Level 1:colcon.colcon_core.environment:create_file_with_runtime_dependencies(/home/mkapil/ros2_ws/maze-solver/install/micromouse_sim/share/colcon-core/packages/micromouse_sim)
[1.244s] DEBUG:colcon.colcon_parallel_executor.executor.parallel:closing loop
[1.244s] DEBUG:colcon.colcon_parallel_executor.executor.parallel:loop closed
[1.244s] DEBUG:colcon.colcon_parallel_executor.executor.parallel:run_until_complete finished with '0'
[1.245s] DEBUG:colcon.colcon_core.event_reactor:joining thread
[1.288s] INFO:colcon.colcon_core.plugin_system:Skipping extension 'colcon_notification.desktop_notification.notify_send': Could not find 'notify-send'
[1.288s] INFO:colcon.colcon_core.plugin_system:Skipping extension 'colcon_notification.desktop_notification.terminal_notifier': Not used on non-Darwin systems
[1.288s] INFO:colcon.colcon_core.plugin_system:Skipping extension 'colcon_notification.desktop_notification.win32': Not used on non-Windows systems
[1.288s] INFO:colcon.colcon_notification.desktop_notification:Sending desktop notification using 'notify2'
[1.288s] DEBUG:colcon.colcon_notification.desktop_notification.notify2:Failed to initialize notify2: org.freedesktop.DBus.Error.FileNotFound: Failed to connect to socket /run/user/1000/bus: No such file or directory
[1.288s] DEBUG:colcon.colcon_core.event_reactor:joined thread
[1.289s] INFO:colcon.colcon_core.shell:Creating prefix script '/home/mkapil/ros2_ws/maze-solver/install/local_setup.ps1'
[1.289s] INFO:colcon.colcon_core.shell:Creating prefix util module '/home/mkapil/ros2_ws/maze-solver/install/_local_setup_util_ps1.py'
[1.291s] INFO:colcon.colcon_core.shell:Creating prefix chain script '/home/mkapil/ros2_ws/maze-solver/install/setup.ps1'
[1.291s] INFO:colcon.colcon_core.shell:Creating prefix script '/home/mkapil/ros2_ws/maze-solver/install/local_setup.sh'
[1.292s] INFO:colcon.colcon_core.shell:Creating prefix util module '/home/mkapil/ros2_ws/maze-solver/install/_local_setup_util_sh.py'
[1.293s] INFO:colcon.colcon_core.shell:Creating prefix chain script '/home/mkapil/ros2_ws/maze-solver/install/setup.sh'
[1.293s] INFO:colcon.colcon_core.shell:Creating prefix script '/home/mkapil/ros2_ws/maze-solver/install/local_setup.bash'
[1.294s] INFO:colcon.colcon_core.shell:Creating prefix chain script '/home/mkapil/ros2_ws/maze-solver/install/setup.bash'
[1.295s] INFO:colcon.colcon_core.shell:Creating prefix script '/home/mkapil/ros2_ws/maze-solver/install/local_setup.zsh'
[1.295s] INFO:colcon.colcon_core.shell:Creating prefix chain script '/home/mkapil/ros2_ws/maze-solver/install/setup.zsh'
