/home/mkapil/ros2_ws/maze-solver/install/micromouse_sim/lib/python3.10/site-packages/micromouse_sim/ros_simulator.py
/home/mkapil/ros2_ws/maze-solver/install/micromouse_sim/lib/python3.10/site-packages/micromouse_sim/__init__.py
/home/mkapil/ros2_ws/maze-solver/install/micromouse_sim/lib/python3.10/site-packages/micromouse_sim/__pycache__/ros_simulator.cpython-310.pyc
/home/mkapil/ros2_ws/maze-solver/install/micromouse_sim/lib/python3.10/site-packages/micromouse_sim/__pycache__/__init__.cpython-310.pyc
/home/mkapil/ros2_ws/maze-solver/install/micromouse_sim/share/ament_index/resource_index/packages/micromouse_sim
/home/mkapil/ros2_ws/maze-solver/install/micromouse_sim/share/micromouse_sim/package.xml
/home/mkapil/ros2_ws/maze-solver/install/micromouse_sim/share/micromouse_sim/launch/full_sim.launch.py
/home/mkapil/ros2_ws/maze-solver/install/micromouse_sim/share/micromouse_sim/urdf/inertial_macros.xacro
/home/mkapil/ros2_ws/maze-solver/install/micromouse_sim/share/micromouse_sim/urdf/robot.urdf.xacro
/home/mkapil/ros2_ws/maze-solver/install/micromouse_sim/share/micromouse_sim/urdf/skid.xacro
/home/mkapil/ros2_ws/maze-solver/install/micromouse_sim/share/micromouse_sim/urdf/gazebo_control.xacro
/home/mkapil/ros2_ws/maze-solver/install/micromouse_sim/share/micromouse_sim/meshes
/home/mkapil/ros2_ws/maze-solver/install/micromouse_sim/share/micromouse_sim/worlds/maze.world
/home/mkapil/ros2_ws/maze-solver/install/micromouse_sim/lib/python3.10/site-packages/micromouse_sim-0.0.0-py3.10.egg-info/top_level.txt
/home/mkapil/ros2_ws/maze-solver/install/micromouse_sim/lib/python3.10/site-packages/micromouse_sim-0.0.0-py3.10.egg-info/dependency_links.txt
/home/mkapil/ros2_ws/maze-solver/install/micromouse_sim/lib/python3.10/site-packages/micromouse_sim-0.0.0-py3.10.egg-info/entry_points.txt
/home/mkapil/ros2_ws/maze-solver/install/micromouse_sim/lib/python3.10/site-packages/micromouse_sim-0.0.0-py3.10.egg-info/SOURCES.txt
/home/mkapil/ros2_ws/maze-solver/install/micromouse_sim/lib/python3.10/site-packages/micromouse_sim-0.0.0-py3.10.egg-info/requires.txt
/home/mkapil/ros2_ws/maze-solver/install/micromouse_sim/lib/python3.10/site-packages/micromouse_sim-0.0.0-py3.10.egg-info/PKG-INFO
/home/mkapil/ros2_ws/maze-solver/install/micromouse_sim/lib/python3.10/site-packages/micromouse_sim-0.0.0-py3.10.egg-info/zip-safe
/home/mkapil/ros2_ws/maze-solver/install/micromouse_sim/lib/micromouse_sim/ros_simulator
