[1.413s] Invoking command in '/home/piyush_hardreset/maze-solver/simulation/src/micromouse_sim': PYTHONPATH=/home/piyush_hardreset/maze-solver/build/micromouse_sim/prefix_override:/usr/lib/python3/dist-packages/colcon_core/task/python/colcon_distutils_commands:/home/piyush_hardreset/maze-solver/install/micromouse_sim/lib/python3.10/site-packages:${PYTHONPATH} /usr/bin/python3 -W ignore:setup.py install is deprecated -W ignore:easy_install command is deprecated setup.py egg_info --egg-base ../../../build/micromouse_sim build --build-base /home/piyush_hardreset/maze-solver/build/micromouse_sim/build install --record /home/piyush_hardreset/maze-solver/build/micromouse_sim/install.log --single-version-externally-managed install_data
[1.861s] running egg_info
[1.862s] writing ../../../build/micromouse_sim/micromouse_sim.egg-info/PKG-INFO
[1.863s] writing dependency_links to ../../../build/micromouse_sim/micromouse_sim.egg-info/dependency_links.txt
[1.863s] writing entry points to ../../../build/micromouse_sim/micromouse_sim.egg-info/entry_points.txt
[1.864s] writing requirements to ../../../build/micromouse_sim/micromouse_sim.egg-info/requires.txt
[1.864s] writing top-level names to ../../../build/micromouse_sim/micromouse_sim.egg-info/top_level.txt
[1.867s] reading manifest file '../../../build/micromouse_sim/micromouse_sim.egg-info/SOURCES.txt'
[1.868s] adding license file 'LICENSE'
[1.870s] writing manifest file '../../../build/micromouse_sim/micromouse_sim.egg-info/SOURCES.txt'
[1.871s] running build
[1.871s] running build_py
[1.872s] running install
[1.872s] running install_lib
[1.875s] running install_data
[1.876s] running install_egg_info
[1.878s] removing '/home/piyush_hardreset/maze-solver/install/micromouse_sim/lib/python3.10/site-packages/micromouse_sim-0.0.0-py3.10.egg-info' (and everything under it)
[1.880s] Copying ../../../build/micromouse_sim/micromouse_sim.egg-info to /home/piyush_hardreset/maze-solver/install/micromouse_sim/lib/python3.10/site-packages/micromouse_sim-0.0.0-py3.10.egg-info
[1.883s] running install_scripts
[1.944s] Installing ros_simulator script to /home/piyush_hardreset/maze-solver/install/micromouse_sim/lib/micromouse_sim
[1.945s] writing list of installed files to '/home/piyush_hardreset/maze-solver/build/micromouse_sim/install.log'
[1.981s] Invoked command in '/home/piyush_hardreset/maze-solver/simulation/src/micromouse_sim' returned '0': PYTHONPATH=/home/piyush_hardreset/maze-solver/build/micromouse_sim/prefix_override:/usr/lib/python3/dist-packages/colcon_core/task/python/colcon_distutils_commands:/home/piyush_hardreset/maze-solver/install/micromouse_sim/lib/python3.10/site-packages:${PYTHONPATH} /usr/bin/python3 -W ignore:setup.py install is deprecated -W ignore:easy_install command is deprecated setup.py egg_info --egg-base ../../../build/micromouse_sim build --build-base /home/piyush_hardreset/maze-solver/build/micromouse_sim/build install --record /home/piyush_hardreset/maze-solver/build/micromouse_sim/install.log --single-version-externally-managed install_data
