[0.676s] Invoking command in '/home/mkapil/ros2_ws/maze-solver/simulation/src/micromouse_sim': PYTHONPATH=/home/mkapil/ros2_ws/maze-solver/simulation/build/micromouse_sim/prefix_override:/usr/lib/python3/dist-packages/colcon_core/task/python/colcon_distutils_commands:/home/mkapil/ros2_ws/maze-solver/simulation/install/micromouse_sim/lib/python3.10/site-packages:${PYTHONPATH} /usr/bin/python3 -W ignore:setup.py install is deprecated -W ignore:easy_install command is deprecated setup.py egg_info --egg-base ../../build/micromouse_sim build --build-base /home/mkapil/ros2_ws/maze-solver/simulation/build/micromouse_sim/build install --record /home/mkapil/ros2_ws/maze-solver/simulation/build/micromouse_sim/install.log --single-version-externally-managed install_data
[0.836s] running egg_info
[0.836s] creating ../../build/micromouse_sim/micromouse_sim.egg-info
[0.837s] writing ../../build/micromouse_sim/micromouse_sim.egg-info/PKG-INFO
[0.837s] writing dependency_links to ../../build/micromouse_sim/micromouse_sim.egg-info/dependency_links.txt
[0.837s] writing entry points to ../../build/micromouse_sim/micromouse_sim.egg-info/entry_points.txt
[0.837s] writing requirements to ../../build/micromouse_sim/micromouse_sim.egg-info/requires.txt
[0.837s] writing top-level names to ../../build/micromouse_sim/micromouse_sim.egg-info/top_level.txt
[0.837s] writing manifest file '../../build/micromouse_sim/micromouse_sim.egg-info/SOURCES.txt'
[0.838s] reading manifest file '../../build/micromouse_sim/micromouse_sim.egg-info/SOURCES.txt'
[0.838s] adding license file 'LICENSE'
[0.839s] writing manifest file '../../build/micromouse_sim/micromouse_sim.egg-info/SOURCES.txt'
[0.856s] running build
[0.856s] running build_py
[0.856s] creating /home/mkapil/ros2_ws/maze-solver/simulation/build/micromouse_sim/build
[0.856s] creating /home/mkapil/ros2_ws/maze-solver/simulation/build/micromouse_sim/build/lib
[0.856s] creating /home/mkapil/ros2_ws/maze-solver/simulation/build/micromouse_sim/build/lib/micromouse_sim
[0.856s] copying micromouse_sim/ros_simulator.py -> /home/mkapil/ros2_ws/maze-solver/simulation/build/micromouse_sim/build/lib/micromouse_sim
[0.856s] copying micromouse_sim/__init__.py -> /home/mkapil/ros2_ws/maze-solver/simulation/build/micromouse_sim/build/lib/micromouse_sim
[0.856s] running install
[0.857s] running install_lib
[0.857s] creating /home/mkapil/ros2_ws/maze-solver/simulation/install/micromouse_sim/lib/python3.10/site-packages/micromouse_sim
[0.858s] copying /home/mkapil/ros2_ws/maze-solver/simulation/build/micromouse_sim/build/lib/micromouse_sim/ros_simulator.py -> /home/mkapil/ros2_ws/maze-solver/simulation/install/micromouse_sim/lib/python3.10/site-packages/micromouse_sim
[0.858s] copying /home/mkapil/ros2_ws/maze-solver/simulation/build/micromouse_sim/build/lib/micromouse_sim/__init__.py -> /home/mkapil/ros2_ws/maze-solver/simulation/install/micromouse_sim/lib/python3.10/site-packages/micromouse_sim
[0.858s] byte-compiling /home/mkapil/ros2_ws/maze-solver/simulation/install/micromouse_sim/lib/python3.10/site-packages/micromouse_sim/ros_simulator.py to ros_simulator.cpython-310.pyc
[0.859s] byte-compiling /home/mkapil/ros2_ws/maze-solver/simulation/install/micromouse_sim/lib/python3.10/site-packages/micromouse_sim/__init__.py to __init__.cpython-310.pyc
[0.860s] running install_data
[0.860s] creating /home/mkapil/ros2_ws/maze-solver/simulation/install/micromouse_sim/share/ament_index
[0.860s] creating /home/mkapil/ros2_ws/maze-solver/simulation/install/micromouse_sim/share/ament_index/resource_index
[0.860s] creating /home/mkapil/ros2_ws/maze-solver/simulation/install/micromouse_sim/share/ament_index/resource_index/packages
[0.860s] copying resource/micromouse_sim -> /home/mkapil/ros2_ws/maze-solver/simulation/install/micromouse_sim/share/ament_index/resource_index/packages
[0.860s] copying package.xml -> /home/mkapil/ros2_ws/maze-solver/simulation/install/micromouse_sim/share/micromouse_sim
[0.860s] running install_egg_info
[0.862s] Copying ../../build/micromouse_sim/micromouse_sim.egg-info to /home/mkapil/ros2_ws/maze-solver/simulation/install/micromouse_sim/lib/python3.10/site-packages/micromouse_sim-0.0.0-py3.10.egg-info
[0.863s] running install_scripts
[0.877s] Installing ros_simulator script to /home/mkapil/ros2_ws/maze-solver/simulation/install/micromouse_sim/lib/micromouse_sim
[0.878s] writing list of installed files to '/home/mkapil/ros2_ws/maze-solver/simulation/build/micromouse_sim/install.log'
[0.895s] Invoked command in '/home/mkapil/ros2_ws/maze-solver/simulation/src/micromouse_sim' returned '0': PYTHONPATH=/home/mkapil/ros2_ws/maze-solver/simulation/build/micromouse_sim/prefix_override:/usr/lib/python3/dist-packages/colcon_core/task/python/colcon_distutils_commands:/home/mkapil/ros2_ws/maze-solver/simulation/install/micromouse_sim/lib/python3.10/site-packages:${PYTHONPATH} /usr/bin/python3 -W ignore:setup.py install is deprecated -W ignore:easy_install command is deprecated setup.py egg_info --egg-base ../../build/micromouse_sim build --build-base /home/mkapil/ros2_ws/maze-solver/simulation/build/micromouse_sim/build install --record /home/mkapil/ros2_ws/maze-solver/simulation/build/micromouse_sim/install.log --single-version-externally-managed install_data
