[1.867s] Invoking command in '/home/piyush_hardreset/maze-solver/simulation/src/micromouse_sim': PYTHONPATH=/home/piyush_hardreset/maze-solver/simulation/build/micromouse_sim/prefix_override:/usr/lib/python3/dist-packages/colcon_core/task/python/colcon_distutils_commands:/home/piyush_hardreset/maze-solver/simulation/install/micromouse_sim/lib/python3.10/site-packages:${PYTHONPATH} /usr/bin/python3 -W ignore:setup.py install is deprecated -W ignore:easy_install command is deprecated setup.py egg_info --egg-base ../../build/micromouse_sim build --build-base /home/piyush_hardreset/maze-solver/simulation/build/micromouse_sim/build install --record /home/piyush_hardreset/maze-solver/simulation/build/micromouse_sim/install.log --single-version-externally-managed install_data
[2.475s] running egg_info
[2.476s] writing ../../build/micromouse_sim/micromouse_sim.egg-info/PKG-INFO
[2.478s] writing dependency_links to ../../build/micromouse_sim/micromouse_sim.egg-info/dependency_links.txt
[2.478s] writing entry points to ../../build/micromouse_sim/micromouse_sim.egg-info/entry_points.txt
[2.479s] writing requirements to ../../build/micromouse_sim/micromouse_sim.egg-info/requires.txt
[2.479s] writing top-level names to ../../build/micromouse_sim/micromouse_sim.egg-info/top_level.txt
[2.484s] reading manifest file '../../build/micromouse_sim/micromouse_sim.egg-info/SOURCES.txt'
[2.484s] adding license file 'LICENSE'
[2.486s] writing manifest file '../../build/micromouse_sim/micromouse_sim.egg-info/SOURCES.txt'
[2.486s] running build
[2.487s] running build_py
[2.487s] copying micromouse_sim/ros_simulator.py -> /home/piyush_hardreset/maze-solver/simulation/build/micromouse_sim/build/lib/micromouse_sim
[2.488s] running install
[2.489s] running install_lib
[2.491s] copying /home/piyush_hardreset/maze-solver/simulation/build/micromouse_sim/build/lib/micromouse_sim/ros_simulator.py -> /home/piyush_hardreset/maze-solver/simulation/install/micromouse_sim/lib/python3.10/site-packages/micromouse_sim
[2.492s] byte-compiling /home/piyush_hardreset/maze-solver/simulation/install/micromouse_sim/lib/python3.10/site-packages/micromouse_sim/ros_simulator.py to ros_simulator.cpython-310.pyc
[2.496s] running install_data
[2.497s] running install_egg_info
[2.501s] removing '/home/piyush_hardreset/maze-solver/simulation/install/micromouse_sim/lib/python3.10/site-packages/micromouse_sim-0.0.0-py3.10.egg-info' (and everything under it)
[2.504s] Copying ../../build/micromouse_sim/micromouse_sim.egg-info to /home/piyush_hardreset/maze-solver/simulation/install/micromouse_sim/lib/python3.10/site-packages/micromouse_sim-0.0.0-py3.10.egg-info
[2.508s] running install_scripts
[2.544s] Installing ros_simulator script to /home/piyush_hardreset/maze-solver/simulation/install/micromouse_sim/lib/micromouse_sim
[2.545s] writing list of installed files to '/home/piyush_hardreset/maze-solver/simulation/build/micromouse_sim/install.log'
[2.591s] Invoked command in '/home/piyush_hardreset/maze-solver/simulation/src/micromouse_sim' returned '0': PYTHONPATH=/home/piyush_hardreset/maze-solver/simulation/build/micromouse_sim/prefix_override:/usr/lib/python3/dist-packages/colcon_core/task/python/colcon_distutils_commands:/home/piyush_hardreset/maze-solver/simulation/install/micromouse_sim/lib/python3.10/site-packages:${PYTHONPATH} /usr/bin/python3 -W ignore:setup.py install is deprecated -W ignore:easy_install command is deprecated setup.py egg_info --egg-base ../../build/micromouse_sim build --build-base /home/piyush_hardreset/maze-solver/simulation/build/micromouse_sim/build install --record /home/piyush_hardreset/maze-solver/simulation/build/micromouse_sim/install.log --single-version-externally-managed install_data
