[1.676s] Invoking command in '/home/piyush_hardreset/maze-solver/simulation/src/micromouse_sim': PYTHONPATH=/home/piyush_hardreset/maze-solver/simulation/build/micromouse_sim/prefix_override:/usr/lib/python3/dist-packages/colcon_core/task/python/colcon_distutils_commands:/home/piyush_hardreset/maze-solver/simulation/install/micromouse_sim/lib/python3.10/site-packages:${PYTHONPATH} /usr/bin/python3 -W ignore:setup.py install is deprecated -W ignore:easy_install command is deprecated setup.py egg_info --egg-base ../../build/micromouse_sim build --build-base /home/piyush_hardreset/maze-solver/simulation/build/micromouse_sim/build install --record /home/piyush_hardreset/maze-solver/simulation/build/micromouse_sim/install.log --single-version-externally-managed install_data
[2.148s] running egg_info
[2.149s] writing ../../build/micromouse_sim/micromouse_sim.egg-info/PKG-INFO
[2.150s] writing dependency_links to ../../build/micromouse_sim/micromouse_sim.egg-info/dependency_links.txt
[2.151s] writing entry points to ../../build/micromouse_sim/micromouse_sim.egg-info/entry_points.txt
[2.152s] writing requirements to ../../build/micromouse_sim/micromouse_sim.egg-info/requires.txt
[2.152s] writing top-level names to ../../build/micromouse_sim/micromouse_sim.egg-info/top_level.txt
[2.157s] reading manifest file '../../build/micromouse_sim/micromouse_sim.egg-info/SOURCES.txt'
[2.157s] adding license file 'LICENSE'
[2.159s] writing manifest file '../../build/micromouse_sim/micromouse_sim.egg-info/SOURCES.txt'
[2.160s] running build
[2.160s] running build_py
[2.160s] copying micromouse_sim/ros_simulator.py -> /home/piyush_hardreset/maze-solver/simulation/build/micromouse_sim/build/lib/micromouse_sim
[2.162s] running install
[2.163s] running install_lib
[2.164s] copying /home/piyush_hardreset/maze-solver/simulation/build/micromouse_sim/build/lib/micromouse_sim/ros_simulator.py -> /home/piyush_hardreset/maze-solver/simulation/install/micromouse_sim/lib/python3.10/site-packages/micromouse_sim
[2.166s] byte-compiling /home/piyush_hardreset/maze-solver/simulation/install/micromouse_sim/lib/python3.10/site-packages/micromouse_sim/ros_simulator.py to ros_simulator.cpython-310.pyc
[2.169s] running install_data
[2.170s] running install_egg_info
[2.175s] removing '/home/piyush_hardreset/maze-solver/simulation/install/micromouse_sim/lib/python3.10/site-packages/micromouse_sim-0.0.0-py3.10.egg-info' (and everything under it)
[2.178s] Copying ../../build/micromouse_sim/micromouse_sim.egg-info to /home/piyush_hardreset/maze-solver/simulation/install/micromouse_sim/lib/python3.10/site-packages/micromouse_sim-0.0.0-py3.10.egg-info
[2.183s] running install_scripts
[2.244s] Installing ros_simulator script to /home/piyush_hardreset/maze-solver/simulation/install/micromouse_sim/lib/micromouse_sim
[2.246s] writing list of installed files to '/home/piyush_hardreset/maze-solver/simulation/build/micromouse_sim/install.log'
[2.300s] Invoked command in '/home/piyush_hardreset/maze-solver/simulation/src/micromouse_sim' returned '0': PYTHONPATH=/home/piyush_hardreset/maze-solver/simulation/build/micromouse_sim/prefix_override:/usr/lib/python3/dist-packages/colcon_core/task/python/colcon_distutils_commands:/home/piyush_hardreset/maze-solver/simulation/install/micromouse_sim/lib/python3.10/site-packages:${PYTHONPATH} /usr/bin/python3 -W ignore:setup.py install is deprecated -W ignore:easy_install command is deprecated setup.py egg_info --egg-base ../../build/micromouse_sim build --build-base /home/piyush_hardreset/maze-solver/simulation/build/micromouse_sim/build install --record /home/piyush_hardreset/maze-solver/simulation/build/micromouse_sim/install.log --single-version-externally-managed install_data
