[1.377s] Invoking command in '/home/piyush_hardreset/maze-solver/simulation/src/micromouse_sim': PYTHONPATH=/home/piyush_hardreset/maze-solver/simulation/build/micromouse_sim/prefix_override:/usr/lib/python3/dist-packages/colcon_core/task/python/colcon_distutils_commands:/home/piyush_hardreset/maze-solver/simulation/install/micromouse_sim/lib/python3.10/site-packages:${PYTHONPATH} /usr/bin/python3 -W ignore:setup.py install is deprecated -W ignore:easy_install command is deprecated setup.py egg_info --egg-base ../../build/micromouse_sim build --build-base /home/piyush_hardreset/maze-solver/simulation/build/micromouse_sim/build install --record /home/piyush_hardreset/maze-solver/simulation/build/micromouse_sim/install.log --single-version-externally-managed install_data
[1.800s] running egg_info
[1.801s] writing ../../build/micromouse_sim/micromouse_sim.egg-info/PKG-INFO
[1.802s] writing dependency_links to ../../build/micromouse_sim/micromouse_sim.egg-info/dependency_links.txt
[1.802s] writing entry points to ../../build/micromouse_sim/micromouse_sim.egg-info/entry_points.txt
[1.803s] writing requirements to ../../build/micromouse_sim/micromouse_sim.egg-info/requires.txt
[1.804s] writing top-level names to ../../build/micromouse_sim/micromouse_sim.egg-info/top_level.txt
[1.807s] reading manifest file '../../build/micromouse_sim/micromouse_sim.egg-info/SOURCES.txt'
[1.808s] adding license file 'LICENSE'
[1.809s] writing manifest file '../../build/micromouse_sim/micromouse_sim.egg-info/SOURCES.txt'
[1.809s] running build
[1.809s] running build_py
[1.810s] copying micromouse_sim/ros_simulator.py -> /home/piyush_hardreset/maze-solver/simulation/build/micromouse_sim/build/lib/micromouse_sim
[1.811s] running install
[1.812s] running install_lib
[1.813s] copying /home/piyush_hardreset/maze-solver/simulation/build/micromouse_sim/build/lib/micromouse_sim/ros_simulator.py -> /home/piyush_hardreset/maze-solver/simulation/install/micromouse_sim/lib/python3.10/site-packages/micromouse_sim
[1.814s] byte-compiling /home/piyush_hardreset/maze-solver/simulation/install/micromouse_sim/lib/python3.10/site-packages/micromouse_sim/ros_simulator.py to ros_simulator.cpython-310.pyc
[1.817s] running install_data
[1.819s] running install_egg_info
[1.823s] removing '/home/piyush_hardreset/maze-solver/simulation/install/micromouse_sim/lib/python3.10/site-packages/micromouse_sim-0.0.0-py3.10.egg-info' (and everything under it)
[1.825s] Copying ../../build/micromouse_sim/micromouse_sim.egg-info to /home/piyush_hardreset/maze-solver/simulation/install/micromouse_sim/lib/python3.10/site-packages/micromouse_sim-0.0.0-py3.10.egg-info
[1.828s] running install_scripts
[1.860s] Installing ros_simulator script to /home/piyush_hardreset/maze-solver/simulation/install/micromouse_sim/lib/micromouse_sim
[1.861s] writing list of installed files to '/home/piyush_hardreset/maze-solver/simulation/build/micromouse_sim/install.log'
[1.899s] Invoked command in '/home/piyush_hardreset/maze-solver/simulation/src/micromouse_sim' returned '0': PYTHONPATH=/home/piyush_hardreset/maze-solver/simulation/build/micromouse_sim/prefix_override:/usr/lib/python3/dist-packages/colcon_core/task/python/colcon_distutils_commands:/home/piyush_hardreset/maze-solver/simulation/install/micromouse_sim/lib/python3.10/site-packages:${PYTHONPATH} /usr/bin/python3 -W ignore:setup.py install is deprecated -W ignore:easy_install command is deprecated setup.py egg_info --egg-base ../../build/micromouse_sim build --build-base /home/piyush_hardreset/maze-solver/simulation/build/micromouse_sim/build install --record /home/piyush_hardreset/maze-solver/simulation/build/micromouse_sim/install.log --single-version-externally-managed install_data
