[0.676s] Invoking command in '/home/mkapil/ros2_ws/maze-solver/simulation/src/micromouse_sim': PYTHONPATH=/home/mkapil/ros2_ws/maze-solver/simulation/build/micromouse_sim/prefix_override:/usr/lib/python3/dist-packages/colcon_core/task/python/colcon_distutils_commands:/home/mkapil/ros2_ws/maze-solver/simulation/install/micromouse_sim/lib/python3.10/site-packages:${PYTHONPATH} /usr/bin/python3 -W ignore:setup.py install is deprecated -W ignore:easy_install command is deprecated setup.py egg_info --egg-base ../../build/micromouse_sim build --build-base /home/mkapil/ros2_ws/maze-solver/simulation/build/micromouse_sim/build install --record /home/mkapil/ros2_ws/maze-solver/simulation/build/micromouse_sim/install.log --single-version-externally-managed install_data
[0.833s] running egg_info
[0.833s] writing ../../build/micromouse_sim/micromouse_sim.egg-info/PKG-INFO
[0.833s] writing dependency_links to ../../build/micromouse_sim/micromouse_sim.egg-info/dependency_links.txt
[0.834s] writing entry points to ../../build/micromouse_sim/micromouse_sim.egg-info/entry_points.txt
[0.834s] writing requirements to ../../build/micromouse_sim/micromouse_sim.egg-info/requires.txt
[0.834s] writing top-level names to ../../build/micromouse_sim/micromouse_sim.egg-info/top_level.txt
[0.834s] reading manifest file '../../build/micromouse_sim/micromouse_sim.egg-info/SOURCES.txt'
[0.835s] adding license file 'LICENSE'
[0.835s] writing manifest file '../../build/micromouse_sim/micromouse_sim.egg-info/SOURCES.txt'
[0.835s] running build
[0.835s] running build_py
[0.836s] running install
[0.836s] running install_lib
[0.837s] running install_data
[0.838s] running install_egg_info
[0.839s] removing '/home/mkapil/ros2_ws/maze-solver/simulation/install/micromouse_sim/lib/python3.10/site-packages/micromouse_sim-0.0.0-py3.10.egg-info' (and everything under it)
[0.840s] Copying ../../build/micromouse_sim/micromouse_sim.egg-info to /home/mkapil/ros2_ws/maze-solver/simulation/install/micromouse_sim/lib/python3.10/site-packages/micromouse_sim-0.0.0-py3.10.egg-info
[0.842s] running install_scripts
[0.857s] Installing ros_simulator script to /home/mkapil/ros2_ws/maze-solver/simulation/install/micromouse_sim/lib/micromouse_sim
[0.857s] writing list of installed files to '/home/mkapil/ros2_ws/maze-solver/simulation/build/micromouse_sim/install.log'
[0.872s] Invoked command in '/home/mkapil/ros2_ws/maze-solver/simulation/src/micromouse_sim' returned '0': PYTHONPATH=/home/mkapil/ros2_ws/maze-solver/simulation/build/micromouse_sim/prefix_override:/usr/lib/python3/dist-packages/colcon_core/task/python/colcon_distutils_commands:/home/mkapil/ros2_ws/maze-solver/simulation/install/micromouse_sim/lib/python3.10/site-packages:${PYTHONPATH} /usr/bin/python3 -W ignore:setup.py install is deprecated -W ignore:easy_install command is deprecated setup.py egg_info --egg-base ../../build/micromouse_sim build --build-base /home/mkapil/ros2_ws/maze-solver/simulation/build/micromouse_sim/build install --record /home/mkapil/ros2_ws/maze-solver/simulation/build/micromouse_sim/install.log --single-version-externally-managed install_data
