running egg_info
creating ../../../build/micromouse_sim/micromouse_sim.egg-info
writing ../../../build/micromouse_sim/micromouse_sim.egg-info/PKG-INFO
writing dependency_links to ../../../build/micromouse_sim/micromouse_sim.egg-info/dependency_links.txt
writing entry points to ../../../build/micromouse_sim/micromouse_sim.egg-info/entry_points.txt
writing requirements to ../../../build/micromouse_sim/micromouse_sim.egg-info/requires.txt
writing top-level names to ../../../build/micromouse_sim/micromouse_sim.egg-info/top_level.txt
writing manifest file '../../../build/micromouse_sim/micromouse_sim.egg-info/SOURCES.txt'
reading manifest file '../../../build/micromouse_sim/micromouse_sim.egg-info/SOURCES.txt'
adding license file 'LICENSE'
writing manifest file '../../../build/micromouse_sim/micromouse_sim.egg-info/SOURCES.txt'
running build
running build_py
creating /home/mkapil/ros2_ws/maze-solver/build/micromouse_sim/build
creating /home/mkapil/ros2_ws/maze-solver/build/micromouse_sim/build/lib
creating /home/mkapil/ros2_ws/maze-solver/build/micromouse_sim/build/lib/micromouse_sim
copying micromouse_sim/ros_simulator.py -> /home/mkapil/ros2_ws/maze-solver/build/micromouse_sim/build/lib/micromouse_sim
copying micromouse_sim/__init__.py -> /home/mkapil/ros2_ws/maze-solver/build/micromouse_sim/build/lib/micromouse_sim
running install
running install_lib
creating /home/mkapil/ros2_ws/maze-solver/install/micromouse_sim/lib/python3.10/site-packages/micromouse_sim
copying /home/mkapil/ros2_ws/maze-solver/build/micromouse_sim/build/lib/micromouse_sim/ros_simulator.py -> /home/mkapil/ros2_ws/maze-solver/install/micromouse_sim/lib/python3.10/site-packages/micromouse_sim
copying /home/mkapil/ros2_ws/maze-solver/build/micromouse_sim/build/lib/micromouse_sim/__init__.py -> /home/mkapil/ros2_ws/maze-solver/install/micromouse_sim/lib/python3.10/site-packages/micromouse_sim
byte-compiling /home/mkapil/ros2_ws/maze-solver/install/micromouse_sim/lib/python3.10/site-packages/micromouse_sim/ros_simulator.py to ros_simulator.cpython-310.pyc
byte-compiling /home/mkapil/ros2_ws/maze-solver/install/micromouse_sim/lib/python3.10/site-packages/micromouse_sim/__init__.py to __init__.cpython-310.pyc
running install_data
creating /home/mkapil/ros2_ws/maze-solver/install/micromouse_sim/share/ament_index
creating /home/mkapil/ros2_ws/maze-solver/install/micromouse_sim/share/ament_index/resource_index
creating /home/mkapil/ros2_ws/maze-solver/install/micromouse_sim/share/ament_index/resource_index/packages
copying resource/micromouse_sim -> /home/mkapil/ros2_ws/maze-solver/install/micromouse_sim/share/ament_index/resource_index/packages
copying package.xml -> /home/mkapil/ros2_ws/maze-solver/install/micromouse_sim/share/micromouse_sim
creating /home/mkapil/ros2_ws/maze-solver/install/micromouse_sim/share/micromouse_sim/launch
copying launch/full_sim.launch.py -> /home/mkapil/ros2_ws/maze-solver/install/micromouse_sim/share/micromouse_sim/launch
creating /home/mkapil/ros2_ws/maze-solver/install/micromouse_sim/share/micromouse_sim/urdf
copying urdf/inertial_macros.xacro -> /home/mkapil/ros2_ws/maze-solver/install/micromouse_sim/share/micromouse_sim/urdf
copying urdf/robot.urdf.xacro -> /home/mkapil/ros2_ws/maze-solver/install/micromouse_sim/share/micromouse_sim/urdf
copying urdf/skid.xacro -> /home/mkapil/ros2_ws/maze-solver/install/micromouse_sim/share/micromouse_sim/urdf
copying urdf/gazebo_control.xacro -> /home/mkapil/ros2_ws/maze-solver/install/micromouse_sim/share/micromouse_sim/urdf
creating /home/mkapil/ros2_ws/maze-solver/install/micromouse_sim/share/micromouse_sim/meshes
creating /home/mkapil/ros2_ws/maze-solver/install/micromouse_sim/share/micromouse_sim/worlds
copying worlds/maze.world -> /home/mkapil/ros2_ws/maze-solver/install/micromouse_sim/share/micromouse_sim/worlds
running install_egg_info
Copying ../../../build/micromouse_sim/micromouse_sim.egg-info to /home/mkapil/ros2_ws/maze-solver/install/micromouse_sim/lib/python3.10/site-packages/micromouse_sim-0.0.0-py3.10.egg-info
running install_scripts
Installing ros_simulator script to /home/mkapil/ros2_ws/maze-solver/install/micromouse_sim/lib/micromouse_sim
writing list of installed files to '/home/mkapil/ros2_ws/maze-solver/build/micromouse_sim/install.log'
